{"meta": {"format": 3, "version": "7.11.0", "timestamp": "2025-10-21T09:31:53.416861", "branch_coverage": false, "show_contexts": false}, "files": {"src\\__init__.py": {"executed_lines": [1, 3, 4, 5, 6], "summary": {"covered_lines": 4, "num_statements": 4, "percent_covered": 100.0, "percent_covered_display": "100", "missing_lines": 0, "excluded_lines": 0}, "missing_lines": [], "excluded_lines": [], "functions": {"": {"executed_lines": [1, 3, 4, 5, 6], "summary": {"covered_lines": 4, "num_statements": 4, "percent_covered": 100.0, "percent_covered_display": "100", "missing_lines": 0, "excluded_lines": 0}, "missing_lines": [], "excluded_lines": []}}, "classes": {"": {"executed_lines": [1, 3, 4, 5, 6], "summary": {"covered_lines": 4, "num_statements": 4, "percent_covered": 100.0, "percent_covered_display": "100", "missing_lines": 0, "excluded_lines": 0}, "missing_lines": [], "excluded_lines": []}}}, "src\\config\\__init__.py": {"executed_lines": [0], "summary": {"covered_lines": 0, "num_statements": 0, "percent_covered": 100.0, "percent_covered_display": "100", "missing_lines": 0, "excluded_lines": 0}, "missing_lines": [], "excluded_lines": [], "functions": {"": {"executed_lines": [], "summary": {"covered_lines": 0, "num_statements": 0, "percent_covered": 100.0, "percent_covered_display": "100", "missing_lines": 0, "excluded_lines": 0}, "missing_lines": [], "excluded_lines": []}}, "classes": {"": {"executed_lines": [], "summary": {"covered_lines": 0, "num_statements": 0, "percent_covered": 100.0, "percent_covered_display": "100", "missing_lines": 0, "excluded_lines": 0}, "missing_lines": [], "excluded_lines": []}}}, "src\\config\\settings.py": {"executed_lines": [1, 2, 3, 4, 5, 6, 7, 9, 11, 12, 15, 16, 19, 22, 24, 25, 28, 31, 34, 35, 36, 39, 41, 42, 43, 46, 49, 50, 51, 52, 54, 55, 56, 58, 63, 65, 66, 67, 69, 74, 76, 77, 78, 80, 85, 89, 90, 91, 94, 95, 96, 98, 100, 102, 103, 104, 107, 108, 109, 111, 113, 115, 116, 117, 119, 121, 123, 125, 126, 127, 129, 131, 133, 135, 136, 137, 139, 141, 142, 143, 145, 146, 148, 150, 151, 152, 154, 156, 158, 161, 162, 163, 164, 165, 166, 167, 168, 169, 170, 171, 172, 173, 174, 175, 176, 177, 178, 181, 182, 183, 184, 187, 188, 190, 198, 201, 204, 206, 207, 217, 222, 239, 247, 250, 265, 267, 269, 272, 278], "summary": {"covered_lines": 127, "num_statements": 155, "percent_covered": 81.93548387096774, "percent_covered_display": "82", "missing_lines": 28, "excluded_lines": 0}, "missing_lines": [59, 60, 61, 62, 70, 71, 72, 73, 81, 82, 83, 84, 97, 99, 110, 112, 120, 122, 130, 132, 140, 144, 147, 155, 157, 270, 273, 279], "excluded_lines": [], "functions": {"Settings.parse_initial_params": {"executed_lines": [58, 63], "summary": {"covered_lines": 2, "num_statements": 6, "percent_covered": 33.333333333333336, "percent_covered_display": "33", "missing_lines": 4, "excluded_lines": 0}, "missing_lines": [59, 60, 61, 62], "excluded_lines": []}, "Settings.parse_strategy_params_json": {"executed_lines": [69, 74], "summary": {"covered_lines": 2, "num_statements": 6, "percent_covered": 33.333333333333336, "percent_covered_display": "33", "missing_lines": 4, "excluded_lines": 0}, "missing_lines": [70, 71, 72, 73], "excluded_lines": []}, "Settings.parse_savings_precisions": {"executed_lines": [80, 85], "summary": {"covered_lines": 2, "num_statements": 6, "percent_covered": 33.333333333333336, "percent_covered_display": "33", "missing_lines": 4, "excluded_lines": 0}, "missing_lines": [81, 82, 83, 84], "excluded_lines": []}, "Settings.validate_api_key": {"executed_lines": [94, 95, 96, 98, 100], "summary": {"covered_lines": 5, "num_statements": 7, "percent_covered": 71.42857142857143, "percent_covered_display": "71", "missing_lines": 2, "excluded_lines": 0}, "missing_lines": [97, 99], "excluded_lines": []}, "Settings.validate_api_secret": {"executed_lines": [107, 108, 109, 111, 113], "summary": {"covered_lines": 5, "num_statements": 7, "percent_covered": 71.42857142857143, "percent_covered_display": "71", "missing_lines": 2, "excluded_lines": 0}, "missing_lines": [110, 112], "excluded_lines": []}, "Settings.validate_min_trade_amount": {"executed_lines": [119, 121, 123], "summary": {"covered_lines": 3, "num_statements": 5, "percent_covered": 60.0, "percent_covered_display": "60", "missing_lines": 2, "excluded_lines": 0}, "missing_lines": [120, 122], "excluded_lines": []}, "Settings.validate_initial_grid": {"executed_lines": [129, 131, 133], "summary": {"covered_lines": 3, "num_statements": 5, "percent_covered": 60.0, "percent_covered_display": "60", "missing_lines": 2, "excluded_lines": 0}, "missing_lines": [130, 132], "excluded_lines": []}, "Settings.validate_symbols": {"executed_lines": [139, 141, 142, 143, 145, 146, 148], "summary": {"covered_lines": 7, "num_statements": 10, "percent_covered": 70.0, "percent_covered_display": "70", "missing_lines": 3, "excluded_lines": 0}, "missing_lines": [140, 144, 147], "excluded_lines": []}, "Settings.validate_initial_principal": {"executed_lines": [154, 156, 158], "summary": {"covered_lines": 3, "num_statements": 5, "percent_covered": 60.0, "percent_covered_display": "60", "missing_lines": 2, "excluded_lines": 0}, "missing_lines": [155, 157], "excluded_lines": []}, "TradingConfig.__init__": {"executed_lines": [269, 272, 278], "summary": {"covered_lines": 3, "num_statements": 6, "percent_covered": 50.0, "percent_covered_display": "50", "missing_lines": 3, "excluded_lines": 0}, "missing_lines": [270, 273, 279], "excluded_lines": []}, "": {"executed_lines": [1, 2, 3, 4, 5, 6, 7, 9, 11, 12, 15, 16, 19, 22, 24, 25, 28, 31, 34, 35, 36, 39, 41, 42, 43, 46, 49, 50, 51, 52, 54, 55, 56, 65, 66, 67, 76, 77, 78, 89, 90, 91, 102, 103, 104, 115, 116, 117, 125, 126, 127, 135, 136, 137, 150, 151, 152, 161, 162, 163, 164, 165, 166, 167, 168, 169, 170, 171, 172, 173, 174, 175, 176, 177, 178, 181, 182, 183, 184, 187, 188, 190, 198, 201, 204, 206, 207, 217, 222, 239, 247, 250, 265, 267], "summary": {"covered_lines": 92, "num_statements": 92, "percent_covered": 100.0, "percent_covered_display": "100", "missing_lines": 0, "excluded_lines": 0}, "missing_lines": [], "excluded_lines": []}}, "classes": {"Settings": {"executed_lines": [58, 63, 69, 74, 80, 85, 94, 95, 96, 98, 100, 107, 108, 109, 111, 113, 119, 121, 123, 129, 131, 133, 139, 141, 142, 143, 145, 146, 148, 154, 156, 158], "summary": {"covered_lines": 32, "num_statements": 57, "percent_covered": 56.14035087719298, "percent_covered_display": "56", "missing_lines": 25, "excluded_lines": 0}, "missing_lines": [59, 60, 61, 62, 70, 71, 72, 73, 81, 82, 83, 84, 97, 99, 110, 112, 120, 122, 130, 132, 140, 144, 147, 155, 157], "excluded_lines": []}, "TradingConfig": {"executed_lines": [269, 272, 278], "summary": {"covered_lines": 3, "num_statements": 6, "percent_covered": 50.0, "percent_covered_display": "50", "missing_lines": 3, "excluded_lines": 0}, "missing_lines": [270, 273, 279], "excluded_lines": []}, "": {"executed_lines": [1, 2, 3, 4, 5, 6, 7, 9, 11, 12, 15, 16, 19, 22, 24, 25, 28, 31, 34, 35, 36, 39, 41, 42, 43, 46, 49, 50, 51, 52, 54, 55, 56, 65, 66, 67, 76, 77, 78, 89, 90, 91, 102, 103, 104, 115, 116, 117, 125, 126, 127, 135, 136, 137, 150, 151, 152, 161, 162, 163, 164, 165, 166, 167, 168, 169, 170, 171, 172, 173, 174, 175, 176, 177, 178, 181, 182, 183, 184, 187, 188, 190, 198, 201, 204, 206, 207, 217, 222, 239, 247, 250, 265, 267], "summary": {"covered_lines": 92, "num_statements": 92, "percent_covered": 100.0, "percent_covered_display": "100", "missing_lines": 0, "excluded_lines": 0}, "missing_lines": [], "excluded_lines": []}}}, "src\\core\\__init__.py": {"executed_lines": [0], "summary": {"covered_lines": 0, "num_statements": 0, "percent_covered": 100.0, "percent_covered_display": "100", "missing_lines": 0, "excluded_lines": 0}, "missing_lines": [], "excluded_lines": [], "functions": {"": {"executed_lines": [], "summary": {"covered_lines": 0, "num_statements": 0, "percent_covered": 100.0, "percent_covered_display": "100", "missing_lines": 0, "excluded_lines": 0}, "missing_lines": [], "excluded_lines": []}}, "classes": {"": {"executed_lines": [], "summary": {"covered_lines": 0, "num_statements": 0, "percent_covered": 100.0, "percent_covered_display": "100", "missing_lines": 0, "excluded_lines": 0}, "missing_lines": [], "excluded_lines": []}}}, "src\\core\\exchange_client.py": {"executed_lines": [1, 2, 3, 4, 5, 6, 7, 9, 10, 11, 15, 18, 40, 41, 43, 44, 47, 48, 49, 50, 51, 54, 57, 61, 64, 67, 69, 85, 86, 89, 91, 92, 93, 96, 97, 101, 104, 105, 108, 110, 111, 113, 116, 117, 118, 119, 120, 121, 122, 123, 124, 125, 126, 127, 129, 130, 131, 132, 134, 136, 137, 138, 139, 140, 145, 146, 147, 148, 150, 151, 152, 153, 154, 160, 163, 165, 166, 168, 171, 174, 175, 176, 178, 179, 180, 182, 183, 185, 186, 190, 191, 192, 193, 194, 196, 199, 200, 202, 203, 206, 207, 208, 211, 216, 222, 224, 225, 226, 228, 229, 230, 231, 233, 234, 235, 236, 237, 239, 241, 242, 244, 246, 250, 255, 267, 270, 271, 276, 284, 287, 288, 289, 290, 291, 292, 294, 296, 298, 300, 301, 302, 303, 304, 306, 308, 309, 310, 311, 315, 317, 318, 319, 321, 323, 327, 329, 330, 331, 336, 338, 339, 345, 346, 349, 350, 351, 352, 354, 355, 356, 357, 359, 361, 363, 366, 368, 375, 376, 377, 380, 381, 383, 388, 390, 392, 395, 397, 403, 404, 405, 408, 409, 411, 416, 418, 419, 421, 423, 424, 425, 426, 427, 428, 430, 432, 437, 438, 441, 443, 444, 449, 454, 455, 456, 457, 461, 462, 463, 464, 468, 471, 472, 475, 479, 480, 483, 484, 486, 487, 488, 489, 490, 496, 497, 499, 500, 506, 513, 517, 531, 533, 535, 536, 537, 538, 539, 540, 541, 542], "summary": {"covered_lines": 249, "num_statements": 300, "percent_covered": 83.0, "percent_covered_display": "83", "missing_lines": 51, "excluded_lines": 0}, "missing_lines": [141, 142, 143, 155, 156, 157, 158, 172, 188, 217, 218, 220, 251, 252, 253, 312, 313, 324, 325, 332, 333, 334, 384, 385, 386, 412, 413, 414, 420, 439, 473, 481, 492, 493, 494, 502, 503, 504, 514, 515, 518, 519, 520, 521, 522, 523, 524, 525, 526, 527, 528], "excluded_lines": [], "functions": {"ExchangeClient.__init__": {"executed_lines": [11, 15, 18, 40, 41, 43, 44, 47, 48, 49, 50, 51, 54, 57], "summary": {"covered_lines": 14, "num_statements": 14, "percent_covered": 100.0, "percent_covered_display": "100", "missing_lines": 0, "excluded_lines": 0}, "missing_lines": [], "excluded_lines": []}, "ExchangeClient._format_savings_amount": {"executed_lines": [64, 67], "summary": {"covered_lines": 2, "num_statements": 2, "percent_covered": 100.0, "percent_covered_display": "100", "missing_lines": 0, "excluded_lines": 0}, "missing_lines": [], "excluded_lines": []}, "ExchangeClient._is_funding_balance_changed_significantly": {"executed_lines": [85, 86, 89, 91, 92, 93, 96, 97, 101, 104, 105, 108], "summary": {"covered_lines": 12, "num_statements": 12, "percent_covered": 100.0, "percent_covered_display": "100", "missing_lines": 0, "excluded_lines": 0}, "missing_lines": [], "excluded_lines": []}, "ExchangeClient.load_markets": {"executed_lines": [111, 113, 116, 117, 118, 119, 120, 121, 122, 123, 124, 125, 126, 127, 129, 130, 131, 132], "summary": {"covered_lines": 18, "num_statements": 18, "percent_covered": 100.0, "percent_covered_display": "100", "missing_lines": 0, "excluded_lines": 0}, "missing_lines": [], "excluded_lines": []}, "ExchangeClient.fetch_ohlcv": {"executed_lines": [136, 137, 138, 139, 140], "summary": {"covered_lines": 5, "num_statements": 8, "percent_covered": 62.5, "percent_covered_display": "62", "missing_lines": 3, "excluded_lines": 0}, "missing_lines": [141, 142, 143], "excluded_lines": []}, "ExchangeClient.fetch_ticker": {"executed_lines": [146, 147, 148, 150, 151, 152, 153, 154], "summary": {"covered_lines": 8, "num_statements": 12, "percent_covered": 66.66666666666667, "percent_covered_display": "67", "missing_lines": 4, "excluded_lines": 0}, "missing_lines": [155, 156, 157, 158], "excluded_lines": []}, "ExchangeClient.fetch_funding_balance": {"executed_lines": [163, 165, 166, 168, 171, 174, 175, 176, 178, 179, 180, 182, 183, 185, 186, 190, 191, 192, 193, 194, 196, 199, 200, 202, 203, 206, 207, 208, 211, 216], "summary": {"covered_lines": 30, "num_statements": 35, "percent_covered": 85.71428571428571, "percent_covered_display": "86", "missing_lines": 5, "excluded_lines": 0}, "missing_lines": [172, 188, 217, 218, 220], "excluded_lines": []}, "ExchangeClient.fetch_balance": {"executed_lines": [224, 225, 226, 228, 229, 230, 231, 233, 234, 235, 236, 237, 239], "summary": {"covered_lines": 13, "num_statements": 13, "percent_covered": 100.0, "percent_covered_display": "100", "missing_lines": 0, "excluded_lines": 0}, "missing_lines": [], "excluded_lines": []}, "ExchangeClient.create_order": {"executed_lines": [242, 244, 246, 250], "summary": {"covered_lines": 4, "num_statements": 7, "percent_covered": 57.142857142857146, "percent_covered_display": "57", "missing_lines": 3, "excluded_lines": 0}, "missing_lines": [251, 252, 253], "excluded_lines": []}, "ExchangeClient.create_market_order": {"executed_lines": [267, 270, 271, 276, 284], "summary": {"covered_lines": 5, "num_statements": 5, "percent_covered": 100.0, "percent_covered_display": "100", "missing_lines": 0, "excluded_lines": 0}, "missing_lines": [], "excluded_lines": []}, "ExchangeClient.fetch_order": {"executed_lines": [288, 289, 290, 291, 292], "summary": {"covered_lines": 5, "num_statements": 5, "percent_covered": 100.0, "percent_covered_display": "100", "missing_lines": 0, "excluded_lines": 0}, "missing_lines": [], "excluded_lines": []}, "ExchangeClient.fetch_open_orders": {"executed_lines": [296], "summary": {"covered_lines": 1, "num_statements": 1, "percent_covered": 100.0, "percent_covered_display": "100", "missing_lines": 0, "excluded_lines": 0}, "missing_lines": [], "excluded_lines": []}, "ExchangeClient.cancel_order": {"executed_lines": [300, 301, 302, 303, 304], "summary": {"covered_lines": 5, "num_statements": 5, "percent_covered": 100.0, "percent_covered_display": "100", "missing_lines": 0, "excluded_lines": 0}, "missing_lines": [], "excluded_lines": []}, "ExchangeClient.close": {"executed_lines": [308, 309, 310, 311], "summary": {"covered_lines": 4, "num_statements": 6, "percent_covered": 66.66666666666667, "percent_covered_display": "67", "missing_lines": 2, "excluded_lines": 0}, "missing_lines": [312, 313], "excluded_lines": []}, "ExchangeClient.sync_time": {"executed_lines": [317, 318, 319, 321, 323], "summary": {"covered_lines": 5, "num_statements": 7, "percent_covered": 71.42857142857143, "percent_covered_display": "71", "missing_lines": 2, "excluded_lines": 0}, "missing_lines": [324, 325], "excluded_lines": []}, "ExchangeClient.fetch_order_book": {"executed_lines": [329, 330, 331], "summary": {"covered_lines": 3, "num_statements": 6, "percent_covered": 50.0, "percent_covered_display": "50", "missing_lines": 3, "excluded_lines": 0}, "missing_lines": [332, 333, 334], "excluded_lines": []}, "ExchangeClient.get_flexible_product_id": {"executed_lines": [338, 339, 345, 346, 349, 350, 351, 352, 354, 355, 356, 357], "summary": {"covered_lines": 12, "num_statements": 12, "percent_covered": 100.0, "percent_covered_display": "100", "missing_lines": 0, "excluded_lines": 0}, "missing_lines": [], "excluded_lines": []}, "ExchangeClient.transfer_to_spot": {"executed_lines": [361, 363, 366, 368, 375, 376, 377, 380, 381, 383], "summary": {"covered_lines": 10, "num_statements": 13, "percent_covered": 76.92307692307692, "percent_covered_display": "77", "missing_lines": 3, "excluded_lines": 0}, "missing_lines": [384, 385, 386], "excluded_lines": []}, "ExchangeClient.transfer_to_savings": {"executed_lines": [390, 392, 395, 397, 403, 404, 405, 408, 409, 411], "summary": {"covered_lines": 10, "num_statements": 13, "percent_covered": 76.92307692307692, "percent_covered_display": "77", "missing_lines": 3, "excluded_lines": 0}, "missing_lines": [412, 413, 414], "excluded_lines": []}, "ExchangeClient.fetch_my_trades": {"executed_lines": [418, 419, 421, 423, 424, 425, 426, 427, 428, 430], "summary": {"covered_lines": 10, "num_statements": 11, "percent_covered": 90.9090909090909, "percent_covered_display": "91", "missing_lines": 1, "excluded_lines": 0}, "missing_lines": [420], "excluded_lines": []}, "ExchangeClient.calculate_total_account_value": {"executed_lines": [437, 438, 441, 443, 444, 449, 454, 455, 456, 457, 461, 462, 463, 464, 468, 471, 472, 475, 479, 480, 483, 484, 486, 487, 488, 489, 490, 496, 497, 499, 500], "summary": {"covered_lines": 31, "num_statements": 40, "percent_covered": 77.5, "percent_covered_display": "78", "missing_lines": 9, "excluded_lines": 0}, "missing_lines": [439, 473, 481, 492, 493, 494, 502, 503, 504], "excluded_lines": []}, "ExchangeClient.start_periodic_time_sync": {"executed_lines": [513, 517, 531], "summary": {"covered_lines": 3, "num_statements": 5, "percent_covered": 60.0, "percent_covered_display": "60", "missing_lines": 2, "excluded_lines": 0}, "missing_lines": [514, 515], "excluded_lines": []}, "ExchangeClient.start_periodic_time_sync._time_sync_loop": {"executed_lines": [], "summary": {"covered_lines": 0, "num_statements": 11, "percent_covered": 0.0, "percent_covered_display": "0", "missing_lines": 11, "excluded_lines": 0}, "missing_lines": [518, 519, 520, 521, 522, 523, 524, 525, 526, 527, 528], "excluded_lines": []}, "ExchangeClient.stop_periodic_time_sync": {"executed_lines": [535, 536, 537, 538, 539, 540, 541, 542], "summary": {"covered_lines": 8, "num_statements": 8, "percent_covered": 100.0, "percent_covered_display": "100", "missing_lines": 0, "excluded_lines": 0}, "missing_lines": [], "excluded_lines": []}, "": {"executed_lines": [1, 2, 3, 4, 5, 6, 7, 9, 10, 61, 69, 110, 134, 145, 160, 222, 241, 255, 287, 294, 298, 306, 315, 327, 336, 359, 388, 416, 432, 506, 533], "summary": {"covered_lines": 31, "num_statements": 31, "percent_covered": 100.0, "percent_covered_display": "100", "missing_lines": 0, "excluded_lines": 0}, "missing_lines": [], "excluded_lines": []}}, "classes": {"ExchangeClient": {"executed_lines": [11, 15, 18, 40, 41, 43, 44, 47, 48, 49, 50, 51, 54, 57, 64, 67, 85, 86, 89, 91, 92, 93, 96, 97, 101, 104, 105, 108, 111, 113, 116, 117, 118, 119, 120, 121, 122, 123, 124, 125, 126, 127, 129, 130, 131, 132, 136, 137, 138, 139, 140, 146, 147, 148, 150, 151, 152, 153, 154, 163, 165, 166, 168, 171, 174, 175, 176, 178, 179, 180, 182, 183, 185, 186, 190, 191, 192, 193, 194, 196, 199, 200, 202, 203, 206, 207, 208, 211, 216, 224, 225, 226, 228, 229, 230, 231, 233, 234, 235, 236, 237, 239, 242, 244, 246, 250, 267, 270, 271, 276, 284, 288, 289, 290, 291, 292, 296, 300, 301, 302, 303, 304, 308, 309, 310, 311, 317, 318, 319, 321, 323, 329, 330, 331, 338, 339, 345, 346, 349, 350, 351, 352, 354, 355, 356, 357, 361, 363, 366, 368, 375, 376, 377, 380, 381, 383, 390, 392, 395, 397, 403, 404, 405, 408, 409, 411, 418, 419, 421, 423, 424, 425, 426, 427, 428, 430, 437, 438, 441, 443, 444, 449, 454, 455, 456, 457, 461, 462, 463, 464, 468, 471, 472, 475, 479, 480, 483, 484, 486, 487, 488, 489, 490, 496, 497, 499, 500, 513, 517, 531, 535, 536, 537, 538, 539, 540, 541, 542], "summary": {"covered_lines": 218, "num_statements": 269, "percent_covered": 81.04089219330855, "percent_covered_display": "81", "missing_lines": 51, "excluded_lines": 0}, "missing_lines": [141, 142, 143, 155, 156, 157, 158, 172, 188, 217, 218, 220, 251, 252, 253, 312, 313, 324, 325, 332, 333, 334, 384, 385, 386, 412, 413, 414, 420, 439, 473, 481, 492, 493, 494, 502, 503, 504, 514, 515, 518, 519, 520, 521, 522, 523, 524, 525, 526, 527, 528], "excluded_lines": []}, "": {"executed_lines": [1, 2, 3, 4, 5, 6, 7, 9, 10, 61, 69, 110, 134, 145, 160, 222, 241, 255, 287, 294, 298, 306, 315, 327, 336, 359, 388, 416, 432, 506, 533], "summary": {"covered_lines": 31, "num_statements": 31, "percent_covered": 100.0, "percent_covered_display": "100", "missing_lines": 0, "excluded_lines": 0}, "missing_lines": [], "excluded_lines": []}}}, "src\\core\\order_tracker.py": {"executed_lines": [1, 2, 3, 4, 5, 7, 8, 9, 10, 11, 13, 21, 22, 40, 46, 62, 67, 71, 81, 93, 103, 139, 147, 198, 227, 242, 286], "summary": {"covered_lines": 27, "num_statements": 203, "percent_covered": 13.300492610837438, "percent_covered_display": "13", "missing_lines": 176, "excluded_lines": 0}, "missing_lines": [14, 15, 16, 17, 18, 19, 23, 24, 25, 26, 27, 28, 29, 30, 31, 32, 33, 34, 35, 36, 37, 38, 41, 48, 49, 50, 56, 57, 58, 59, 60, 63, 64, 65, 69, 73, 74, 75, 76, 77, 78, 79, 83, 85, 87, 88, 89, 90, 91, 95, 96, 97, 98, 99, 100, 101, 106, 107, 108, 112, 113, 114, 115, 116, 119, 120, 121, 122, 123, 124, 125, 127, 128, 129, 130, 131, 133, 134, 135, 136, 137, 140, 141, 142, 143, 145, 149, 150, 151, 163, 164, 165, 166, 169, 170, 171, 173, 174, 175, 177, 178, 180, 181, 183, 194, 195, 196, 200, 201, 202, 205, 206, 209, 212, 213, 214, 215, 218, 219, 222, 223, 224, 225, 229, 230, 231, 234, 235, 236, 237, 238, 239, 240, 244, 245, 246, 249, 250, 253, 255, 256, 259, 260, 261, 262, 263, 268, 269, 270, 272, 282, 283, 284, 288, 289, 290, 292, 293, 294, 296, 297, 298, 299, 300, 301, 302, 303, 304, 306, 307, 308, 310, 311, 312, 313, 314], "excluded_lines": [], "functions": {"OrderThrottler.__init__": {"executed_lines": [9, 10, 11], "summary": {"covered_lines": 3, "num_statements": 3, "percent_covered": 100.0, "percent_covered_display": "100", "missing_lines": 0, "excluded_lines": 0}, "missing_lines": [], "excluded_lines": []}, "OrderThrottler.check_rate": {"executed_lines": [], "summary": {"covered_lines": 0, "num_statements": 6, "percent_covered": 0.0, "percent_covered_display": "0", "missing_lines": 6, "excluded_lines": 0}, "missing_lines": [14, 15, 16, 17, 18, 19], "excluded_lines": []}, "OrderTracker.__init__": {"executed_lines": [], "summary": {"covered_lines": 0, "num_statements": 16, "percent_covered": 0.0, "percent_covered_display": "0", "missing_lines": 16, "excluded_lines": 0}, "missing_lines": [23, 24, 25, 26, 27, 28, 29, 30, 31, 32, 33, 34, 35, 36, 37, 38], "excluded_lines": []}, "OrderTracker.log_order": {"executed_lines": [], "summary": {"covered_lines": 0, "num_statements": 1, "percent_covered": 0.0, "percent_covered_display": "0", "missing_lines": 1, "excluded_lines": 0}, "missing_lines": [41], "excluded_lines": []}, "OrderTracker.add_order": {"executed_lines": [], "summary": {"covered_lines": 0, "num_statements": 8, "percent_covered": 0.0, "percent_covered_display": "0", "missing_lines": 8, "excluded_lines": 0}, "missing_lines": [48, 49, 50, 56, 57, 58, 59, 60], "excluded_lines": []}, "OrderTracker.reset": {"executed_lines": [], "summary": {"covered_lines": 0, "num_statements": 3, "percent_covered": 0.0, "percent_covered_display": "0", "missing_lines": 3, "excluded_lines": 0}, "missing_lines": [63, 64, 65], "excluded_lines": []}, "OrderTracker.get_trade_history": {"executed_lines": [], "summary": {"covered_lines": 0, "num_statements": 1, "percent_covered": 0.0, "percent_covered_display": "0", "missing_lines": 1, "excluded_lines": 0}, "missing_lines": [69], "excluded_lines": []}, "OrderTracker.load_trade_history": {"executed_lines": [], "summary": {"covered_lines": 0, "num_statements": 7, "percent_covered": 0.0, "percent_covered_display": "0", "missing_lines": 7, "excluded_lines": 0}, "missing_lines": [73, 74, 75, 76, 77, 78, 79], "excluded_lines": []}, "OrderTracker.save_trade_history": {"executed_lines": [], "summary": {"covered_lines": 0, "num_statements": 7, "percent_covered": 0.0, "percent_covered_display": "0", "missing_lines": 7, "excluded_lines": 0}, "missing_lines": [83, 85, 87, 88, 89, 90, 91], "excluded_lines": []}, "OrderTracker.backup_history": {"executed_lines": [], "summary": {"covered_lines": 0, "num_statements": 7, "percent_covered": 0.0, "percent_covered_display": "0", "missing_lines": 7, "excluded_lines": 0}, "missing_lines": [95, 96, 97, 98, 99, 100, 101], "excluded_lines": []}, "OrderTracker.add_trade": {"executed_lines": [], "summary": {"covered_lines": 0, "num_statements": 25, "percent_covered": 0.0, "percent_covered_display": "0", "missing_lines": 25, "excluded_lines": 0}, "missing_lines": [106, 107, 108, 112, 113, 114, 115, 116, 119, 120, 121, 122, 123, 124, 125, 127, 128, 129, 130, 131, 133, 134, 135, 136, 137], "excluded_lines": []}, "OrderTracker.update_order": {"executed_lines": [], "summary": {"covered_lines": 0, "num_statements": 5, "percent_covered": 0.0, "percent_covered_display": "0", "missing_lines": 5, "excluded_lines": 0}, "missing_lines": [140, 141, 142, 143, 145], "excluded_lines": []}, "OrderTracker.get_statistics": {"executed_lines": [], "summary": {"covered_lines": 0, "num_statements": 21, "percent_covered": 0.0, "percent_covered_display": "0", "missing_lines": 21, "excluded_lines": 0}, "missing_lines": [149, 150, 151, 163, 164, 165, 166, 169, 170, 171, 173, 174, 175, 177, 178, 180, 181, 183, 194, 195, 196], "excluded_lines": []}, "OrderTracker.archive_old_trades": {"executed_lines": [], "summary": {"covered_lines": 0, "num_statements": 16, "percent_covered": 0.0, "percent_covered_display": "0", "missing_lines": 16, "excluded_lines": 0}, "missing_lines": [200, 201, 202, 205, 206, 209, 212, 213, 214, 215, 218, 219, 222, 223, 224, 225], "excluded_lines": []}, "OrderTracker.clean_old_archives": {"executed_lines": [], "summary": {"covered_lines": 0, "num_statements": 10, "percent_covered": 0.0, "percent_covered_display": "0", "missing_lines": 10, "excluded_lines": 0}, "missing_lines": [229, 230, 231, 234, 235, 236, 237, 238, 239, 240], "excluded_lines": []}, "OrderTracker.analyze_trades": {"executed_lines": [], "summary": {"covered_lines": 0, "num_statements": 20, "percent_covered": 0.0, "percent_covered_display": "0", "missing_lines": 20, "excluded_lines": 0}, "missing_lines": [244, 245, 246, 249, 250, 253, 255, 256, 259, 260, 261, 262, 263, 268, 269, 270, 272, 282, 283, 284], "excluded_lines": []}, "OrderTracker.export_trades": {"executed_lines": [], "summary": {"covered_lines": 0, "num_statements": 23, "percent_covered": 0.0, "percent_covered_display": "0", "missing_lines": 23, "excluded_lines": 0}, "missing_lines": [288, 289, 290, 292, 293, 294, 296, 297, 298, 299, 300, 301, 302, 303, 304, 306, 307, 308, 310, 311, 312, 313, 314], "excluded_lines": []}, "": {"executed_lines": [1, 2, 3, 4, 5, 7, 8, 13, 21, 22, 40, 46, 62, 67, 71, 81, 93, 103, 139, 147, 198, 227, 242, 286], "summary": {"covered_lines": 24, "num_statements": 24, "percent_covered": 100.0, "percent_covered_display": "100", "missing_lines": 0, "excluded_lines": 0}, "missing_lines": [], "excluded_lines": []}}, "classes": {"OrderThrottler": {"executed_lines": [9, 10, 11], "summary": {"covered_lines": 3, "num_statements": 9, "percent_covered": 33.333333333333336, "percent_covered_display": "33", "missing_lines": 6, "excluded_lines": 0}, "missing_lines": [14, 15, 16, 17, 18, 19], "excluded_lines": []}, "OrderTracker": {"executed_lines": [], "summary": {"covered_lines": 0, "num_statements": 170, "percent_covered": 0.0, "percent_covered_display": "0", "missing_lines": 170, "excluded_lines": 0}, "missing_lines": [23, 24, 25, 26, 27, 28, 29, 30, 31, 32, 33, 34, 35, 36, 37, 38, 41, 48, 49, 50, 56, 57, 58, 59, 60, 63, 64, 65, 69, 73, 74, 75, 76, 77, 78, 79, 83, 85, 87, 88, 89, 90, 91, 95, 96, 97, 98, 99, 100, 101, 106, 107, 108, 112, 113, 114, 115, 116, 119, 120, 121, 122, 123, 124, 125, 127, 128, 129, 130, 131, 133, 134, 135, 136, 137, 140, 141, 142, 143, 145, 149, 150, 151, 163, 164, 165, 166, 169, 170, 171, 173, 174, 175, 177, 178, 180, 181, 183, 194, 195, 196, 200, 201, 202, 205, 206, 209, 212, 213, 214, 215, 218, 219, 222, 223, 224, 225, 229, 230, 231, 234, 235, 236, 237, 238, 239, 240, 244, 245, 246, 249, 250, 253, 255, 256, 259, 260, 261, 262, 263, 268, 269, 270, 272, 282, 283, 284, 288, 289, 290, 292, 293, 294, 296, 297, 298, 299, 300, 301, 302, 303, 304, 306, 307, 308, 310, 311, 312, 313, 314], "excluded_lines": []}, "": {"executed_lines": [1, 2, 3, 4, 5, 7, 8, 13, 21, 22, 40, 46, 62, 67, 71, 81, 93, 103, 139, 147, 198, 227, 242, 286], "summary": {"covered_lines": 24, "num_statements": 24, "percent_covered": 100.0, "percent_covered_display": "100", "missing_lines": 0, "excluded_lines": 0}, "missing_lines": [], "excluded_lines": []}}}, "src\\core\\trader.py": {"executed_lines": [1, 2, 3, 4, 5, 6, 7, 8, 9, 10, 11, 12, 13, 14, 15, 18, 19, 21, 22, 23, 26, 27, 32, 35, 36, 37, 38, 39, 40, 41, 42, 43, 44, 45, 46, 47, 48, 49, 52, 53, 54, 57, 59, 60, 61, 62, 63, 64, 65, 66, 67, 68, 69, 75, 76, 77, 78, 79, 83, 84, 87, 88, 91, 92, 95, 96, 98, 100, 120, 122, 124, 127, 128, 131, 133, 135, 136, 140, 141, 142, 146, 148, 149, 150, 152, 153, 154, 157, 158, 159, 161, 162, 163, 165, 166, 168, 169, 170, 172, 173, 176, 177, 181, 182, 185, 186, 189, 190, 191, 194, 195, 196, 198, 199, 200, 203, 204, 205, 207, 215, 300, 311, 366, 367, 369, 370, 372, 384, 442, 484, 528, 567, 571, 608, 706, 732, 771, 787, 850, 1001, 1021, 1056, 1098, 1122, 1175, 1239, 1288, 1333, 1369, 1371, 1373, 1374, 1377, 1378, 1383, 1385, 1387, 1388, 1391, 1392, 1397, 1435, 1451, 1461, 1474, 1498, 1529, 1542, 1615, 1631, 1656, 1677, 1786, 1863, 1880, 1906, 1938, 1984, 1995, 2063], "summary": {"covered_lines": 180, "num_statements": 1092, "percent_covered": 16.483516483516482, "percent_covered_display": "16", "missing_lines": 912, "excluded_lines": 0}, "missing_lines": [28, 29, 143, 144, 174, 178, 183, 187, 212, 213, 216, 217, 220, 222, 223, 225, 226, 227, 228, 229, 230, 231, 232, 233, 234, 235, 238, 240, 243, 244, 245, 246, 248, 250, 251, 254, 257, 258, 259, 261, 263, 264, 266, 269, 270, 279, 280, 281, 287, 288, 289, 290, 291, 293, 298, 301, 302, 303, 304, 305, 306, 307, 308, 309, 326, 327, 330, 331, 334, 335, 337, 338, 339, 342, 343, 349, 350, 351, 352, 355, 358, 359, 361, 363, 364, 377, 378, 381, 382, 391, 392, 393, 394, 395, 398, 399, 400, 401, 402, 403, 404, 405, 407, 414, 415, 416, 419, 422, 423, 424, 434, 435, 436, 437, 439, 440, 443, 444, 446, 448, 450, 453, 456, 457, 458, 468, 469, 470, 471, 474, 477, 478, 479, 480, 482, 485, 486, 488, 491, 494, 497, 500, 501, 502, 503, 512, 513, 514, 515, 518, 521, 522, 523, 524, 526, 530, 531, 534, 535, 537, 539, 542, 546, 549, 554, 557, 558, 560, 562, 563, 565, 568, 569, 573, 574, 575, 576, 578, 579, 581, 583, 584, 586, 587, 588, 590, 592, 594, 595, 597, 599, 601, 602, 605, 606, 609, 610, 612, 613, 617, 618, 621, 622, 623, 624, 625, 628, 629, 639, 643, 644, 645, 648, 649, 656, 659, 662, 663, 665, 666, 667, 670, 671, 673, 674, 675, 679, 680, 685, 686, 688, 689, 690, 692, 693, 697, 698, 699, 700, 701, 702, 704, 718, 719, 720, 721, 722, 723, 724, 725, 726, 728, 729, 730, 734, 735, 736, 739, 740, 743, 744, 747, 748, 749, 753, 754, 760, 761, 762, 763, 764, 765, 767, 768, 769, 772, 773, 774, 775, 776, 777, 778, 779, 780, 782, 783, 798, 799, 800, 803, 804, 807, 810, 817, 820, 821, 822, 823, 826, 829, 840, 843, 844, 846, 848, 852, 853, 854, 856, 857, 859, 860, 861, 862, 863, 864, 867, 868, 870, 873, 874, 877, 880, 881, 883, 884, 885, 888, 889, 897, 906, 907, 908, 911, 912, 915, 918, 919, 920, 925, 926, 927, 928, 929, 931, 932, 933, 934, 935, 936, 940, 941, 944, 947, 950, 951, 952, 954, 955, 958, 959, 960, 961, 962, 963, 965, 968, 971, 972, 974, 980, 981, 984, 985, 986, 989, 990, 991, 997, 999, 1003, 1004, 1005, 1006, 1007, 1008, 1009, 1010, 1012, 1013, 1014, 1016, 1017, 1019, 1023, 1024, 1025, 1028, 1029, 1030, 1034, 1036, 1040, 1043, 1044, 1045, 1046, 1047, 1049, 1050, 1058, 1059, 1060, 1061, 1062, 1065, 1066, 1068, 1069, 1071, 1074, 1084, 1094, 1095, 1096, 1100, 1102, 1105, 1106, 1107, 1108, 1109, 1110, 1111, 1112, 1115, 1117, 1118, 1119, 1120, 1124, 1125, 1126, 1127, 1128, 1132, 1134, 1135, 1136, 1137, 1139, 1140, 1141, 1144, 1145, 1146, 1148, 1152, 1154, 1158, 1159, 1161, 1162, 1163, 1166, 1167, 1168, 1169, 1171, 1172, 1173, 1177, 1179, 1180, 1181, 1182, 1185, 1187, 1188, 1192, 1193, 1194, 1196, 1198, 1201, 1205, 1206, 1207, 1208, 1212, 1214, 1221, 1224, 1225, 1231, 1232, 1234, 1236, 1237, 1245, 1247, 1253, 1254, 1255, 1258, 1259, 1262, 1265, 1268, 1269, 1273, 1279, 1280, 1282, 1284, 1285, 1286, 1293, 1294, 1297, 1298, 1302, 1305, 1306, 1307, 1311, 1314, 1315, 1317, 1318, 1321, 1324, 1326, 1329, 1331, 1338, 1340, 1341, 1344, 1345, 1347, 1350, 1352, 1354, 1355, 1358, 1364, 1367, 1379, 1380, 1381, 1393, 1394, 1395, 1399, 1400, 1403, 1404, 1407, 1408, 1411, 1412, 1415, 1416, 1417, 1419, 1422, 1428, 1433, 1437, 1438, 1439, 1440, 1443, 1444, 1446, 1447, 1448, 1449, 1453, 1454, 1455, 1457, 1458, 1459, 1463, 1471, 1472, 1476, 1477, 1478, 1479, 1481, 1482, 1484, 1486, 1488, 1493, 1494, 1495, 1496, 1500, 1502, 1503, 1504, 1507, 1508, 1509, 1512, 1513, 1514, 1515, 1518, 1519, 1520, 1521, 1523, 1525, 1526, 1527, 1531, 1532, 1533, 1536, 1539, 1540, 1545, 1546, 1548, 1549, 1550, 1551, 1554, 1555, 1556, 1559, 1560, 1561, 1564, 1565, 1567, 1574, 1577, 1578, 1581, 1582, 1583, 1584, 1585, 1586, 1587, 1589, 1592, 1593, 1595, 1596, 1597, 1598, 1599, 1600, 1601, 1602, 1605, 1607, 1608, 1610, 1612, 1613, 1617, 1618, 1619, 1620, 1622, 1624, 1625, 1626, 1627, 1628, 1629, 1633, 1635, 1636, 1639, 1642, 1643, 1644, 1645, 1646, 1647, 1649, 1650, 1652, 1653, 1654, 1659, 1663, 1666, 1669, 1680, 1681, 1682, 1684, 1686, 1687, 1688, 1689, 1692, 1693, 1696, 1697, 1700, 1701, 1704, 1706, 1707, 1709, 1710, 1711, 1712, 1713, 1714, 1716, 1717, 1719, 1722, 1723, 1725, 1726, 1727, 1729, 1730, 1731, 1733, 1734, 1735, 1738, 1741, 1743, 1744, 1746, 1747, 1748, 1749, 1750, 1751, 1752, 1754, 1755, 1757, 1760, 1761, 1763, 1764, 1765, 1767, 1768, 1769, 1771, 1772, 1773, 1776, 1778, 1783, 1784, 1795, 1797, 1798, 1800, 1803, 1805, 1806, 1807, 1810, 1811, 1812, 1815, 1816, 1817, 1820, 1821, 1824, 1825, 1828, 1829, 1830, 1831, 1832, 1835, 1836, 1837, 1840, 1846, 1848, 1855, 1857, 1859, 1860, 1861, 1865, 1866, 1867, 1870, 1871, 1872, 1874, 1875, 1877, 1878, 1882, 1884, 1890, 1891, 1894, 1897, 1898, 1900, 1902, 1903, 1904, 1908, 1910, 1916, 1917, 1920, 1923, 1924, 1927, 1930, 1932, 1934, 1935, 1936, 1940, 1942, 1948, 1949, 1952, 1953, 1954, 1957, 1958, 1959, 1961, 1962, 1968, 1969, 1972, 1973, 1974, 1975, 1976, 1978, 1980, 1981, 1982, 1986, 1987, 1989, 1990, 1991, 1992, 1993, 1999, 2001, 2002, 2003, 2004, 2005, 2007, 2008, 2009, 2010, 2011, 2012, 2014, 2017, 2018, 2021, 2022, 2023, 2026, 2027, 2030, 2031, 2032, 2033, 2034, 2037, 2039, 2041, 2042, 2043, 2046, 2047, 2048, 2050, 2051, 2053, 2054, 2056, 2057, 2058, 2059, 2065, 2066, 2075, 2078, 2090, 2092, 2093, 2094, 2095], "excluded_lines": [], "functions": {"GridTrader.__init__": {"executed_lines": [21, 22, 23, 26, 27, 32, 35, 36, 37, 38, 39, 40, 41, 42, 43, 44, 45, 46, 47, 48, 49, 52, 53, 54, 57, 59, 60, 61, 62, 63, 64, 65, 66, 67, 68, 69, 75, 76, 77, 78, 79, 83, 84, 87, 88, 91, 92, 95, 96], "summary": {"covered_lines": 49, "num_statements": 51, "percent_covered": 96.07843137254902, "percent_covered_display": "96", "missing_lines": 2, "excluded_lines": 0}, "missing_lines": [28, 29], "excluded_lines": []}, "GridTrader._save_state": {"executed_lines": [100, 120, 122, 124, 127, 128, 131, 133, 135, 136, 140, 141, 142], "summary": {"covered_lines": 13, "num_statements": 15, "percent_covered": 86.66666666666667, "percent_covered_display": "87", "missing_lines": 2, "excluded_lines": 0}, "missing_lines": [143, 144], "excluded_lines": []}, "GridTrader._load_state": {"executed_lines": [148, 149, 150, 152, 153, 154, 157, 158, 159, 161, 162, 163, 165, 166, 168, 169, 170, 172, 173, 176, 177, 181, 182, 185, 186, 189, 190, 191, 194, 195, 196, 198, 199, 200, 203, 204, 205, 207], "summary": {"covered_lines": 38, "num_statements": 44, "percent_covered": 86.36363636363636, "percent_covered_display": "86", "missing_lines": 6, "excluded_lines": 0}, "missing_lines": [174, 178, 183, 187, 212, 213], "excluded_lines": []}, "GridTrader.initialize": {"executed_lines": [], "summary": {"covered_lines": 0, "num_statements": 45, "percent_covered": 0.0, "percent_covered_display": "0", "missing_lines": 45, "excluded_lines": 0}, "missing_lines": [216, 217, 220, 222, 223, 225, 226, 227, 228, 229, 230, 231, 232, 233, 234, 235, 238, 240, 243, 244, 245, 246, 248, 250, 251, 254, 257, 258, 259, 261, 263, 264, 266, 269, 270, 279, 280, 281, 287, 288, 289, 290, 291, 293, 298], "excluded_lines": []}, "GridTrader._get_latest_price": {"executed_lines": [], "summary": {"covered_lines": 0, "num_statements": 9, "percent_covered": 0.0, "percent_covered_display": "0", "missing_lines": 9, "excluded_lines": 0}, "missing_lines": [301, 302, 303, 304, 305, 306, 307, 308, 309], "excluded_lines": []}, "GridTrader.update_config": {"executed_lines": [], "summary": {"covered_lines": 0, "num_statements": 21, "percent_covered": 0.0, "percent_covered_display": "0", "missing_lines": 21, "excluded_lines": 0}, "missing_lines": [326, 327, 330, 331, 334, 335, 337, 338, 339, 342, 343, 349, 350, 351, 352, 355, 358, 359, 361, 363, 364], "excluded_lines": []}, "GridTrader._get_upper_band": {"executed_lines": [367], "summary": {"covered_lines": 1, "num_statements": 1, "percent_covered": 100.0, "percent_covered_display": "100", "missing_lines": 0, "excluded_lines": 0}, "missing_lines": [], "excluded_lines": []}, "GridTrader._get_lower_band": {"executed_lines": [370], "summary": {"covered_lines": 1, "num_statements": 1, "percent_covered": 100.0, "percent_covered_display": "100", "missing_lines": 0, "excluded_lines": 0}, "missing_lines": [], "excluded_lines": []}, "GridTrader._reset_extremes": {"executed_lines": [], "summary": {"covered_lines": 0, "num_statements": 4, "percent_covered": 0.0, "percent_covered_display": "0", "missing_lines": 4, "excluded_lines": 0}, "missing_lines": [377, 378, 381, 382], "excluded_lines": []}, "GridTrader._sync_recent_trades": {"executed_lines": [], "summary": {"covered_lines": 0, "num_statements": 27, "percent_covered": 0.0, "percent_covered_display": "0", "missing_lines": 27, "excluded_lines": 0}, "missing_lines": [391, 392, 393, 394, 395, 398, 399, 400, 401, 402, 403, 404, 405, 407, 414, 415, 416, 419, 422, 423, 424, 434, 435, 436, 437, 439, 440], "excluded_lines": []}, "GridTrader._check_buy_signal": {"executed_lines": [], "summary": {"covered_lines": 0, "num_statements": 19, "percent_covered": 0.0, "percent_covered_display": "0", "missing_lines": 19, "excluded_lines": 0}, "missing_lines": [443, 444, 446, 448, 450, 453, 456, 457, 458, 468, 469, 470, 471, 474, 477, 478, 479, 480, 482], "excluded_lines": []}, "GridTrader._check_sell_signal": {"executed_lines": [], "summary": {"covered_lines": 0, "num_statements": 20, "percent_covered": 0.0, "percent_covered_display": "0", "missing_lines": 20, "excluded_lines": 0}, "missing_lines": [485, 486, 488, 491, 494, 497, 500, 501, 502, 503, 512, 513, 514, 515, 518, 521, 522, 523, 524, 526], "excluded_lines": []}, "GridTrader._calculate_order_amount": {"executed_lines": [], "summary": {"covered_lines": 0, "num_statements": 16, "percent_covered": 0.0, "percent_covered_display": "0", "missing_lines": 16, "excluded_lines": 0}, "missing_lines": [530, 531, 534, 535, 537, 539, 542, 546, 549, 554, 557, 558, 560, 562, 563, 565], "excluded_lines": []}, "GridTrader.get_available_balance": {"executed_lines": [], "summary": {"covered_lines": 0, "num_statements": 2, "percent_covered": 0.0, "percent_covered_display": "0", "missing_lines": 2, "excluded_lines": 0}, "missing_lines": [568, 569], "excluded_lines": []}, "GridTrader._calculate_dynamic_interval_seconds": {"executed_lines": [], "summary": {"covered_lines": 0, "num_statements": 22, "percent_covered": 0.0, "percent_covered_display": "0", "missing_lines": 22, "excluded_lines": 0}, "missing_lines": [573, 574, 575, 576, 578, 579, 581, 583, 584, 586, 587, 588, 590, 592, 594, 595, 597, 599, 601, 602, 605, 606], "excluded_lines": []}, "GridTrader.main_loop": {"executed_lines": [], "summary": {"covered_lines": 0, "num_statements": 47, "percent_covered": 0.0, "percent_covered_display": "0", "missing_lines": 47, "excluded_lines": 0}, "missing_lines": [609, 610, 612, 613, 617, 618, 621, 622, 623, 624, 625, 628, 629, 639, 643, 644, 645, 648, 649, 656, 659, 662, 663, 665, 666, 667, 670, 671, 673, 674, 675, 679, 680, 685, 686, 688, 689, 690, 692, 693, 697, 698, 699, 700, 701, 702, 704], "excluded_lines": []}, "GridTrader._check_signal_with_retry": {"executed_lines": [], "summary": {"covered_lines": 0, "num_statements": 12, "percent_covered": 0.0, "percent_covered_display": "0", "missing_lines": 12, "excluded_lines": 0}, "missing_lines": [718, 719, 720, 721, 722, 723, 724, 725, 726, 728, 729, 730], "excluded_lines": []}, "GridTrader._ensure_trading_funds": {"executed_lines": [], "summary": {"covered_lines": 0, "num_statements": 21, "percent_covered": 0.0, "percent_covered_display": "0", "missing_lines": 21, "excluded_lines": 0}, "missing_lines": [734, 735, 736, 739, 740, 743, 744, 747, 748, 749, 753, 754, 760, 761, 762, 763, 764, 765, 767, 768, 769], "excluded_lines": []}, "GridTrader.emergency_stop": {"executed_lines": [], "summary": {"covered_lines": 0, "num_statements": 11, "percent_covered": 0.0, "percent_covered_display": "0", "missing_lines": 11, "excluded_lines": 0}, "missing_lines": [772, 773, 774, 775, 776, 777, 778, 779, 780, 782, 783], "excluded_lines": []}, "GridTrader._handle_filled_order": {"executed_lines": [], "summary": {"covered_lines": 0, "num_statements": 19, "percent_covered": 0.0, "percent_covered_display": "0", "missing_lines": 19, "excluded_lines": 0}, "missing_lines": [798, 799, 800, 803, 804, 807, 810, 817, 820, 821, 822, 823, 826, 829, 840, 843, 844, 846, 848], "excluded_lines": []}, "GridTrader.execute_order": {"executed_lines": [], "summary": {"covered_lines": 0, "num_statements": 75, "percent_covered": 0.0, "percent_covered_display": "0", "missing_lines": 75, "excluded_lines": 0}, "missing_lines": [852, 853, 854, 856, 857, 859, 860, 861, 862, 863, 864, 867, 868, 870, 873, 874, 877, 880, 881, 883, 884, 885, 888, 889, 897, 906, 907, 908, 911, 912, 915, 918, 919, 920, 925, 926, 927, 928, 929, 931, 932, 933, 934, 935, 936, 940, 941, 944, 947, 950, 951, 952, 954, 955, 958, 959, 960, 961, 962, 963, 965, 968, 971, 972, 974, 980, 981, 984, 985, 986, 989, 990, 991, 997, 999], "excluded_lines": []}, "GridTrader._wait_for_balance": {"executed_lines": [], "summary": {"covered_lines": 0, "num_statements": 14, "percent_covered": 0.0, "percent_covered_display": "0", "missing_lines": 14, "excluded_lines": 0}, "missing_lines": [1003, 1004, 1005, 1006, 1007, 1008, 1009, 1010, 1012, 1013, 1014, 1016, 1017, 1019], "excluded_lines": []}, "GridTrader._adjust_grid_after_trade": {"executed_lines": [], "summary": {"covered_lines": 0, "num_statements": 16, "percent_covered": 0.0, "percent_covered_display": "0", "missing_lines": 16, "excluded_lines": 0}, "missing_lines": [1023, 1024, 1025, 1028, 1029, 1030, 1034, 1036, 1040, 1043, 1044, 1045, 1046, 1047, 1049, 1050], "excluded_lines": []}, "GridTrader._log_order": {"executed_lines": [], "summary": {"covered_lines": 0, "num_statements": 15, "percent_covered": 0.0, "percent_covered_display": "0", "missing_lines": 15, "excluded_lines": 0}, "missing_lines": [1058, 1059, 1060, 1061, 1062, 1065, 1066, 1068, 1069, 1071, 1074, 1084, 1094, 1095, 1096], "excluded_lines": []}, "GridTrader._reinitialize": {"executed_lines": [], "summary": {"covered_lines": 0, "num_statements": 15, "percent_covered": 0.0, "percent_covered_display": "0", "missing_lines": 15, "excluded_lines": 0}, "missing_lines": [1100, 1102, 1105, 1106, 1107, 1108, 1109, 1110, 1111, 1112, 1115, 1117, 1118, 1119, 1120], "excluded_lines": []}, "GridTrader._check_and_cancel_timeout_orders": {"executed_lines": [], "summary": {"covered_lines": 0, "num_statements": 31, "percent_covered": 0.0, "percent_covered_display": "0", "missing_lines": 31, "excluded_lines": 0}, "missing_lines": [1124, 1125, 1126, 1127, 1128, 1132, 1134, 1135, 1136, 1137, 1139, 1140, 1141, 1144, 1145, 1146, 1148, 1152, 1154, 1158, 1159, 1161, 1162, 1163, 1166, 1167, 1168, 1169, 1171, 1172, 1173], "excluded_lines": []}, "GridTrader.adjust_grid_size": {"executed_lines": [], "summary": {"covered_lines": 0, "num_statements": 28, "percent_covered": 0.0, "percent_covered_display": "0", "missing_lines": 28, "excluded_lines": 0}, "missing_lines": [1177, 1179, 1180, 1181, 1182, 1185, 1187, 1188, 1192, 1193, 1194, 1196, 1198, 1201, 1205, 1206, 1207, 1208, 1212, 1214, 1221, 1224, 1225, 1231, 1232, 1234, 1236, 1237], "excluded_lines": []}, "GridTrader._calculate_volatility": {"executed_lines": [], "summary": {"covered_lines": 0, "num_statements": 18, "percent_covered": 0.0, "percent_covered_display": "0", "missing_lines": 18, "excluded_lines": 0}, "missing_lines": [1245, 1247, 1253, 1254, 1255, 1258, 1259, 1262, 1265, 1268, 1269, 1273, 1279, 1280, 1282, 1284, 1285, 1286], "excluded_lines": []}, "GridTrader._calculate_traditional_volatility": {"executed_lines": [], "summary": {"covered_lines": 0, "num_statements": 18, "percent_covered": 0.0, "percent_covered_display": "0", "missing_lines": 18, "excluded_lines": 0}, "missing_lines": [1293, 1294, 1297, 1298, 1302, 1305, 1306, 1307, 1311, 1314, 1315, 1317, 1318, 1321, 1324, 1326, 1329, 1331], "excluded_lines": []}, "GridTrader._update_ewma_volatility": {"executed_lines": [], "summary": {"covered_lines": 0, "num_statements": 13, "percent_covered": 0.0, "percent_covered_display": "0", "missing_lines": 13, "excluded_lines": 0}, "missing_lines": [1338, 1340, 1341, 1344, 1345, 1347, 1350, 1352, 1354, 1355, 1358, 1364, 1367], "excluded_lines": []}, "GridTrader._adjust_amount_precision": {"executed_lines": [1371, 1373, 1374, 1377, 1378], "summary": {"covered_lines": 5, "num_statements": 8, "percent_covered": 62.5, "percent_covered_display": "62", "missing_lines": 3, "excluded_lines": 0}, "missing_lines": [1379, 1380, 1381], "excluded_lines": []}, "GridTrader._adjust_price_precision": {"executed_lines": [1385, 1387, 1388, 1391, 1392], "summary": {"covered_lines": 5, "num_statements": 8, "percent_covered": 62.5, "percent_covered_display": "62", "missing_lines": 3, "excluded_lines": 0}, "missing_lines": [1393, 1394, 1395], "excluded_lines": []}, "GridTrader.calculate_trade_amount": {"executed_lines": [], "summary": {"covered_lines": 0, "num_statements": 15, "percent_covered": 0.0, "percent_covered_display": "0", "missing_lines": 15, "excluded_lines": 0}, "missing_lines": [1399, 1400, 1403, 1404, 1407, 1408, 1411, 1412, 1415, 1416, 1417, 1419, 1422, 1428, 1433], "excluded_lines": []}, "GridTrader.calculate_win_rate": {"executed_lines": [], "summary": {"covered_lines": 0, "num_statements": 10, "percent_covered": 0.0, "percent_covered_display": "0", "missing_lines": 10, "excluded_lines": 0}, "missing_lines": [1437, 1438, 1439, 1440, 1443, 1444, 1446, 1447, 1448, 1449], "excluded_lines": []}, "GridTrader.calculate_payoff_ratio": {"executed_lines": [], "summary": {"covered_lines": 0, "num_statements": 6, "percent_covered": 0.0, "percent_covered_display": "0", "missing_lines": 6, "excluded_lines": 0}, "missing_lines": [1453, 1454, 1455, 1457, 1458, 1459], "excluded_lines": []}, "GridTrader.save_trade_stats": {"executed_lines": [], "summary": {"covered_lines": 0, "num_statements": 3, "percent_covered": 0.0, "percent_covered_display": "0", "missing_lines": 3, "excluded_lines": 0}, "missing_lines": [1463, 1471, 1472], "excluded_lines": []}, "GridTrader._get_order_price": {"executed_lines": [], "summary": {"covered_lines": 0, "num_statements": 13, "percent_covered": 0.0, "percent_covered_display": "0", "missing_lines": 13, "excluded_lines": 0}, "missing_lines": [1476, 1477, 1478, 1479, 1481, 1482, 1484, 1486, 1488, 1493, 1494, 1495, 1496], "excluded_lines": []}, "GridTrader._get_price_percentile": {"executed_lines": [], "summary": {"covered_lines": 0, "num_statements": 19, "percent_covered": 0.0, "percent_covered_display": "0", "missing_lines": 19, "excluded_lines": 0}, "missing_lines": [1500, 1502, 1503, 1504, 1507, 1508, 1509, 1512, 1513, 1514, 1515, 1518, 1519, 1520, 1521, 1523, 1525, 1526, 1527], "excluded_lines": []}, "GridTrader._calculate_required_funds": {"executed_lines": [], "summary": {"covered_lines": 0, "num_statements": 6, "percent_covered": 0.0, "percent_covered_display": "0", "missing_lines": 6, "excluded_lines": 0}, "missing_lines": [1531, 1532, 1533, 1536, 1539, 1540], "excluded_lines": []}, "GridTrader._transfer_excess_funds": {"executed_lines": [], "summary": {"covered_lines": 0, "num_statements": 42, "percent_covered": 0.0, "percent_covered_display": "0", "missing_lines": 42, "excluded_lines": 0}, "missing_lines": [1545, 1546, 1548, 1549, 1550, 1551, 1554, 1555, 1556, 1559, 1560, 1561, 1564, 1565, 1567, 1574, 1577, 1578, 1581, 1582, 1583, 1584, 1585, 1586, 1587, 1589, 1592, 1593, 1595, 1596, 1597, 1598, 1599, 1600, 1601, 1602, 1605, 1607, 1608, 1610, 1612, 1613], "excluded_lines": []}, "GridTrader._check_flip_signal": {"executed_lines": [], "summary": {"covered_lines": 0, "num_statements": 11, "percent_covered": 0.0, "percent_covered_display": "0", "missing_lines": 11, "excluded_lines": 0}, "missing_lines": [1617, 1618, 1619, 1620, 1622, 1624, 1625, 1626, 1627, 1628, 1629], "excluded_lines": []}, "GridTrader._pre_transfer_funds": {"executed_lines": [], "summary": {"covered_lines": 0, "num_statements": 15, "percent_covered": 0.0, "percent_covered_display": "0", "missing_lines": 15, "excluded_lines": 0}, "missing_lines": [1633, 1635, 1636, 1639, 1642, 1643, 1644, 1645, 1646, 1647, 1649, 1650, 1652, 1653, 1654], "excluded_lines": []}, "GridTrader._calculate_dynamic_base": {"executed_lines": [], "summary": {"covered_lines": 0, "num_statements": 4, "percent_covered": 0.0, "percent_covered_display": "0", "missing_lines": 4, "excluded_lines": 0}, "missing_lines": [1659, 1663, 1666, 1669], "excluded_lines": []}, "GridTrader._check_and_transfer_initial_funds": {"executed_lines": [], "summary": {"covered_lines": 0, "num_statements": 66, "percent_covered": 0.0, "percent_covered_display": "0", "missing_lines": 66, "excluded_lines": 0}, "missing_lines": [1680, 1681, 1682, 1684, 1686, 1687, 1688, 1689, 1692, 1693, 1696, 1697, 1700, 1701, 1704, 1706, 1707, 1709, 1710, 1711, 1712, 1713, 1714, 1716, 1717, 1719, 1722, 1723, 1725, 1726, 1727, 1729, 1730, 1731, 1733, 1734, 1735, 1738, 1741, 1743, 1744, 1746, 1747, 1748, 1749, 1750, 1751, 1752, 1754, 1755, 1757, 1760, 1761, 1763, 1764, 1765, 1767, 1768, 1769, 1771, 1772, 1773, 1776, 1778, 1783, 1784], "excluded_lines": []}, "GridTrader._get_pair_specific_assets_value": {"executed_lines": [], "summary": {"covered_lines": 0, "num_statements": 34, "percent_covered": 0.0, "percent_covered_display": "0", "missing_lines": 34, "excluded_lines": 0}, "missing_lines": [1795, 1797, 1798, 1800, 1803, 1805, 1806, 1807, 1810, 1811, 1812, 1815, 1816, 1817, 1820, 1821, 1824, 1825, 1828, 1829, 1830, 1831, 1832, 1835, 1836, 1837, 1840, 1846, 1848, 1855, 1857, 1859, 1860, 1861], "excluded_lines": []}, "GridTrader._update_total_assets": {"executed_lines": [], "summary": {"covered_lines": 0, "num_statements": 10, "percent_covered": 0.0, "percent_covered_display": "0", "missing_lines": 10, "excluded_lines": 0}, "missing_lines": [1865, 1866, 1867, 1870, 1871, 1872, 1874, 1875, 1877, 1878], "excluded_lines": []}, "GridTrader.get_ma_data": {"executed_lines": [], "summary": {"covered_lines": 0, "num_statements": 11, "percent_covered": 0.0, "percent_covered_display": "0", "missing_lines": 11, "excluded_lines": 0}, "missing_lines": [1882, 1884, 1890, 1891, 1894, 1897, 1898, 1900, 1902, 1903, 1904], "excluded_lines": []}, "GridTrader.get_macd_data": {"executed_lines": [], "summary": {"covered_lines": 0, "num_statements": 13, "percent_covered": 0.0, "percent_covered_display": "0", "missing_lines": 13, "excluded_lines": 0}, "missing_lines": [1908, 1910, 1916, 1917, 1920, 1923, 1924, 1927, 1930, 1932, 1934, 1935, 1936], "excluded_lines": []}, "GridTrader.get_adx_data": {"executed_lines": [], "summary": {"covered_lines": 0, "num_statements": 23, "percent_covered": 0.0, "percent_covered_display": "0", "missing_lines": 23, "excluded_lines": 0}, "missing_lines": [1940, 1942, 1948, 1949, 1952, 1953, 1954, 1957, 1958, 1959, 1961, 1962, 1968, 1969, 1972, 1973, 1974, 1975, 1976, 1978, 1980, 1981, 1982], "excluded_lines": []}, "GridTrader._calculate_ema": {"executed_lines": [], "summary": {"covered_lines": 0, "num_statements": 7, "percent_covered": 0.0, "percent_covered_display": "0", "missing_lines": 7, "excluded_lines": 0}, "missing_lines": [1986, 1987, 1989, 1990, 1991, 1992, 1993], "excluded_lines": []}, "GridTrader._ensure_balance_for_trade": {"executed_lines": [], "summary": {"covered_lines": 0, "num_statements": 41, "percent_covered": 0.0, "percent_covered_display": "0", "missing_lines": 41, "excluded_lines": 0}, "missing_lines": [1999, 2001, 2002, 2003, 2004, 2005, 2007, 2008, 2009, 2010, 2011, 2012, 2014, 2017, 2018, 2021, 2022, 2023, 2026, 2027, 2030, 2031, 2032, 2033, 2034, 2037, 2039, 2041, 2042, 2043, 2046, 2047, 2048, 2050, 2051, 2053, 2054, 2056, 2057, 2058, 2059], "excluded_lines": []}, "GridTrader._execute_trade": {"executed_lines": [], "summary": {"covered_lines": 0, "num_statements": 9, "percent_covered": 0.0, "percent_covered_display": "0", "missing_lines": 9, "excluded_lines": 0}, "missing_lines": [2065, 2066, 2075, 2078, 2090, 2092, 2093, 2094, 2095], "excluded_lines": []}, "": {"executed_lines": [1, 2, 3, 4, 5, 6, 7, 8, 9, 10, 11, 12, 13, 14, 15, 18, 19, 98, 146, 215, 300, 311, 366, 369, 372, 384, 442, 484, 528, 567, 571, 608, 706, 732, 771, 787, 850, 1001, 1021, 1056, 1098, 1122, 1175, 1239, 1288, 1333, 1369, 1383, 1397, 1435, 1451, 1461, 1474, 1498, 1529, 1542, 1615, 1631, 1656, 1677, 1786, 1863, 1880, 1906, 1938, 1984, 1995, 2063], "summary": {"covered_lines": 68, "num_statements": 68, "percent_covered": 100.0, "percent_covered_display": "100", "missing_lines": 0, "excluded_lines": 0}, "missing_lines": [], "excluded_lines": []}}, "classes": {"GridTrader": {"executed_lines": [21, 22, 23, 26, 27, 32, 35, 36, 37, 38, 39, 40, 41, 42, 43, 44, 45, 46, 47, 48, 49, 52, 53, 54, 57, 59, 60, 61, 62, 63, 64, 65, 66, 67, 68, 69, 75, 76, 77, 78, 79, 83, 84, 87, 88, 91, 92, 95, 96, 100, 120, 122, 124, 127, 128, 131, 133, 135, 136, 140, 141, 142, 148, 149, 150, 152, 153, 154, 157, 158, 159, 161, 162, 163, 165, 166, 168, 169, 170, 172, 173, 176, 177, 181, 182, 185, 186, 189, 190, 191, 194, 195, 196, 198, 199, 200, 203, 204, 205, 207, 367, 370, 1371, 1373, 1374, 1377, 1378, 1385, 1387, 1388, 1391, 1392], "summary": {"covered_lines": 112, "num_statements": 1024, "percent_covered": 10.9375, "percent_covered_display": "11", "missing_lines": 912, "excluded_lines": 0}, "missing_lines": [28, 29, 143, 144, 174, 178, 183, 187, 212, 213, 216, 217, 220, 222, 223, 225, 226, 227, 228, 229, 230, 231, 232, 233, 234, 235, 238, 240, 243, 244, 245, 246, 248, 250, 251, 254, 257, 258, 259, 261, 263, 264, 266, 269, 270, 279, 280, 281, 287, 288, 289, 290, 291, 293, 298, 301, 302, 303, 304, 305, 306, 307, 308, 309, 326, 327, 330, 331, 334, 335, 337, 338, 339, 342, 343, 349, 350, 351, 352, 355, 358, 359, 361, 363, 364, 377, 378, 381, 382, 391, 392, 393, 394, 395, 398, 399, 400, 401, 402, 403, 404, 405, 407, 414, 415, 416, 419, 422, 423, 424, 434, 435, 436, 437, 439, 440, 443, 444, 446, 448, 450, 453, 456, 457, 458, 468, 469, 470, 471, 474, 477, 478, 479, 480, 482, 485, 486, 488, 491, 494, 497, 500, 501, 502, 503, 512, 513, 514, 515, 518, 521, 522, 523, 524, 526, 530, 531, 534, 535, 537, 539, 542, 546, 549, 554, 557, 558, 560, 562, 563, 565, 568, 569, 573, 574, 575, 576, 578, 579, 581, 583, 584, 586, 587, 588, 590, 592, 594, 595, 597, 599, 601, 602, 605, 606, 609, 610, 612, 613, 617, 618, 621, 622, 623, 624, 625, 628, 629, 639, 643, 644, 645, 648, 649, 656, 659, 662, 663, 665, 666, 667, 670, 671, 673, 674, 675, 679, 680, 685, 686, 688, 689, 690, 692, 693, 697, 698, 699, 700, 701, 702, 704, 718, 719, 720, 721, 722, 723, 724, 725, 726, 728, 729, 730, 734, 735, 736, 739, 740, 743, 744, 747, 748, 749, 753, 754, 760, 761, 762, 763, 764, 765, 767, 768, 769, 772, 773, 774, 775, 776, 777, 778, 779, 780, 782, 783, 798, 799, 800, 803, 804, 807, 810, 817, 820, 821, 822, 823, 826, 829, 840, 843, 844, 846, 848, 852, 853, 854, 856, 857, 859, 860, 861, 862, 863, 864, 867, 868, 870, 873, 874, 877, 880, 881, 883, 884, 885, 888, 889, 897, 906, 907, 908, 911, 912, 915, 918, 919, 920, 925, 926, 927, 928, 929, 931, 932, 933, 934, 935, 936, 940, 941, 944, 947, 950, 951, 952, 954, 955, 958, 959, 960, 961, 962, 963, 965, 968, 971, 972, 974, 980, 981, 984, 985, 986, 989, 990, 991, 997, 999, 1003, 1004, 1005, 1006, 1007, 1008, 1009, 1010, 1012, 1013, 1014, 1016, 1017, 1019, 1023, 1024, 1025, 1028, 1029, 1030, 1034, 1036, 1040, 1043, 1044, 1045, 1046, 1047, 1049, 1050, 1058, 1059, 1060, 1061, 1062, 1065, 1066, 1068, 1069, 1071, 1074, 1084, 1094, 1095, 1096, 1100, 1102, 1105, 1106, 1107, 1108, 1109, 1110, 1111, 1112, 1115, 1117, 1118, 1119, 1120, 1124, 1125, 1126, 1127, 1128, 1132, 1134, 1135, 1136, 1137, 1139, 1140, 1141, 1144, 1145, 1146, 1148, 1152, 1154, 1158, 1159, 1161, 1162, 1163, 1166, 1167, 1168, 1169, 1171, 1172, 1173, 1177, 1179, 1180, 1181, 1182, 1185, 1187, 1188, 1192, 1193, 1194, 1196, 1198, 1201, 1205, 1206, 1207, 1208, 1212, 1214, 1221, 1224, 1225, 1231, 1232, 1234, 1236, 1237, 1245, 1247, 1253, 1254, 1255, 1258, 1259, 1262, 1265, 1268, 1269, 1273, 1279, 1280, 1282, 1284, 1285, 1286, 1293, 1294, 1297, 1298, 1302, 1305, 1306, 1307, 1311, 1314, 1315, 1317, 1318, 1321, 1324, 1326, 1329, 1331, 1338, 1340, 1341, 1344, 1345, 1347, 1350, 1352, 1354, 1355, 1358, 1364, 1367, 1379, 1380, 1381, 1393, 1394, 1395, 1399, 1400, 1403, 1404, 1407, 1408, 1411, 1412, 1415, 1416, 1417, 1419, 1422, 1428, 1433, 1437, 1438, 1439, 1440, 1443, 1444, 1446, 1447, 1448, 1449, 1453, 1454, 1455, 1457, 1458, 1459, 1463, 1471, 1472, 1476, 1477, 1478, 1479, 1481, 1482, 1484, 1486, 1488, 1493, 1494, 1495, 1496, 1500, 1502, 1503, 1504, 1507, 1508, 1509, 1512, 1513, 1514, 1515, 1518, 1519, 1520, 1521, 1523, 1525, 1526, 1527, 1531, 1532, 1533, 1536, 1539, 1540, 1545, 1546, 1548, 1549, 1550, 1551, 1554, 1555, 1556, 1559, 1560, 1561, 1564, 1565, 1567, 1574, 1577, 1578, 1581, 1582, 1583, 1584, 1585, 1586, 1587, 1589, 1592, 1593, 1595, 1596, 1597, 1598, 1599, 1600, 1601, 1602, 1605, 1607, 1608, 1610, 1612, 1613, 1617, 1618, 1619, 1620, 1622, 1624, 1625, 1626, 1627, 1628, 1629, 1633, 1635, 1636, 1639, 1642, 1643, 1644, 1645, 1646, 1647, 1649, 1650, 1652, 1653, 1654, 1659, 1663, 1666, 1669, 1680, 1681, 1682, 1684, 1686, 1687, 1688, 1689, 1692, 1693, 1696, 1697, 1700, 1701, 1704, 1706, 1707, 1709, 1710, 1711, 1712, 1713, 1714, 1716, 1717, 1719, 1722, 1723, 1725, 1726, 1727, 1729, 1730, 1731, 1733, 1734, 1735, 1738, 1741, 1743, 1744, 1746, 1747, 1748, 1749, 1750, 1751, 1752, 1754, 1755, 1757, 1760, 1761, 1763, 1764, 1765, 1767, 1768, 1769, 1771, 1772, 1773, 1776, 1778, 1783, 1784, 1795, 1797, 1798, 1800, 1803, 1805, 1806, 1807, 1810, 1811, 1812, 1815, 1816, 1817, 1820, 1821, 1824, 1825, 1828, 1829, 1830, 1831, 1832, 1835, 1836, 1837, 1840, 1846, 1848, 1855, 1857, 1859, 1860, 1861, 1865, 1866, 1867, 1870, 1871, 1872, 1874, 1875, 1877, 1878, 1882, 1884, 1890, 1891, 1894, 1897, 1898, 1900, 1902, 1903, 1904, 1908, 1910, 1916, 1917, 1920, 1923, 1924, 1927, 1930, 1932, 1934, 1935, 1936, 1940, 1942, 1948, 1949, 1952, 1953, 1954, 1957, 1958, 1959, 1961, 1962, 1968, 1969, 1972, 1973, 1974, 1975, 1976, 1978, 1980, 1981, 1982, 1986, 1987, 1989, 1990, 1991, 1992, 1993, 1999, 2001, 2002, 2003, 2004, 2005, 2007, 2008, 2009, 2010, 2011, 2012, 2014, 2017, 2018, 2021, 2022, 2023, 2026, 2027, 2030, 2031, 2032, 2033, 2034, 2037, 2039, 2041, 2042, 2043, 2046, 2047, 2048, 2050, 2051, 2053, 2054, 2056, 2057, 2058, 2059, 2065, 2066, 2075, 2078, 2090, 2092, 2093, 2094, 2095], "excluded_lines": []}, "": {"executed_lines": [1, 2, 3, 4, 5, 6, 7, 8, 9, 10, 11, 12, 13, 14, 15, 18, 19, 98, 146, 215, 300, 311, 366, 369, 372, 384, 442, 484, 528, 567, 571, 608, 706, 732, 771, 787, 850, 1001, 1021, 1056, 1098, 1122, 1175, 1239, 1288, 1333, 1369, 1383, 1397, 1435, 1451, 1461, 1474, 1498, 1529, 1542, 1615, 1631, 1656, 1677, 1786, 1863, 1880, 1906, 1938, 1984, 1995, 2063], "summary": {"covered_lines": 68, "num_statements": 68, "percent_covered": 100.0, "percent_covered_display": "100", "missing_lines": 0, "excluded_lines": 0}, "missing_lines": [], "excluded_lines": []}}}, "src\\main.py": {"executed_lines": [], "summary": {"covered_lines": 0, "num_statements": 128, "percent_covered": 0.0, "percent_covered_display": "0", "missing_lines": 128, "excluded_lines": 0}, "missing_lines": [8, 9, 10, 11, 12, 13, 17, 18, 19, 21, 22, 23, 24, 25, 26, 27, 28, 31, 33, 39, 42, 43, 44, 45, 46, 47, 48, 50, 52, 53, 55, 57, 58, 62, 64, 66, 67, 68, 69, 70, 71, 74, 75, 76, 79, 80, 82, 83, 84, 86, 88, 89, 90, 93, 95, 96, 98, 99, 100, 101, 103, 104, 105, 106, 107, 108, 109, 110, 111, 113, 114, 115, 117, 118, 119, 122, 128, 131, 134, 137, 138, 140, 141, 144, 145, 146, 147, 150, 153, 156, 158, 159, 160, 161, 162, 163, 164, 166, 170, 173, 174, 175, 176, 179, 182, 185, 188, 194, 196, 197, 200, 201, 211, 212, 213, 214, 215, 216, 219, 220, 222, 223, 224, 225, 226, 228, 230, 231], "excluded_lines": [], "functions": {"periodic_global_status_logger": {"executed_lines": [], "summary": {"covered_lines": 0, "num_statements": 25, "percent_covered": 0.0, "percent_covered_display": "0", "missing_lines": 25, "excluded_lines": 0}, "missing_lines": [39, 42, 43, 44, 45, 46, 47, 48, 50, 52, 53, 55, 57, 58, 62, 64, 66, 67, 68, 69, 70, 71, 74, 75, 76], "excluded_lines": []}, "run_trader_for_symbol": {"executed_lines": [], "summary": {"covered_lines": 0, "num_statements": 10, "percent_covered": 0.0, "percent_covered_display": "0", "missing_lines": 10, "excluded_lines": 0}, "missing_lines": [88, 89, 90, 93, 95, 96, 98, 99, 100, 101], "excluded_lines": []}, "main": {"executed_lines": [], "summary": {"covered_lines": 0, "num_statements": 58, "percent_covered": 0.0, "percent_covered_display": "0", "missing_lines": 58, "excluded_lines": 0}, "missing_lines": [104, 105, 106, 107, 108, 109, 110, 111, 113, 114, 115, 117, 118, 119, 122, 128, 131, 134, 137, 138, 140, 141, 144, 145, 146, 147, 150, 153, 156, 166, 170, 173, 174, 175, 176, 179, 182, 185, 188, 194, 196, 197, 200, 201, 211, 212, 213, 214, 215, 216, 219, 220, 222, 223, 224, 225, 226, 228], "excluded_lines": []}, "main.on_config_change": {"executed_lines": [], "summary": {"covered_lines": 0, "num_statements": 7, "percent_covered": 0.0, "percent_covered_display": "0", "missing_lines": 7, "excluded_lines": 0}, "missing_lines": [158, 159, 160, 161, 162, 163, 164], "excluded_lines": []}, "": {"executed_lines": [], "summary": {"covered_lines": 0, "num_statements": 28, "percent_covered": 0.0, "percent_covered_display": "0", "missing_lines": 28, "excluded_lines": 0}, "missing_lines": [8, 9, 10, 11, 12, 13, 17, 18, 19, 21, 22, 23, 24, 25, 26, 27, 28, 31, 33, 79, 80, 82, 83, 84, 86, 103, 230, 231], "excluded_lines": []}}, "classes": {"": {"executed_lines": [], "summary": {"covered_lines": 0, "num_statements": 128, "percent_covered": 0.0, "percent_covered_display": "0", "missing_lines": 128, "excluded_lines": 0}, "missing_lines": [8, 9, 10, 11, 12, 13, 17, 18, 19, 21, 22, 23, 24, 25, 26, 27, 28, 31, 33, 39, 42, 43, 44, 45, 46, 47, 48, 50, 52, 53, 55, 57, 58, 62, 64, 66, 67, 68, 69, 70, 71, 74, 75, 76, 79, 80, 82, 83, 84, 86, 88, 89, 90, 93, 95, 96, 98, 99, 100, 101, 103, 104, 105, 106, 107, 108, 109, 110, 111, 113, 114, 115, 117, 118, 119, 122, 128, 131, 134, 137, 138, 140, 141, 144, 145, 146, 147, 150, 153, 156, 158, 159, 160, 161, 162, 163, 164, 166, 170, 173, 174, 175, 176, 179, 182, 185, 188, 194, 196, 197, 200, 201, 211, 212, 213, 214, 215, 216, 219, 220, 222, 223, 224, 225, 226, 228, 230, 231], "excluded_lines": []}}}, "src\\security\\__init__.py": {"executed_lines": [], "summary": {"covered_lines": 0, "num_statements": 0, "percent_covered": 100.0, "percent_covered_display": "100", "missing_lines": 0, "excluded_lines": 0}, "missing_lines": [], "excluded_lines": [], "functions": {"": {"executed_lines": [], "summary": {"covered_lines": 0, "num_statements": 0, "percent_covered": 100.0, "percent_covered_display": "100", "missing_lines": 0, "excluded_lines": 0}, "missing_lines": [], "excluded_lines": []}}, "classes": {"": {"executed_lines": [], "summary": {"covered_lines": 0, "num_statements": 0, "percent_covered": 100.0, "percent_covered_display": "100", "missing_lines": 0, "excluded_lines": 0}, "missing_lines": [], "excluded_lines": []}}}, "src\\security\\api_key_manager.py": {"executed_lines": [], "summary": {"covered_lines": 0, "num_statements": 155, "percent_covered": 0.0, "percent_covered_display": "0", "missing_lines": 155, "excluded_lines": 0}, "missing_lines": [26, 27, 28, 29, 30, 31, 32, 34, 35, 36, 37, 38, 40, 41, 42, 43, 48, 55, 73, 74, 78, 79, 81, 84, 85, 87, 90, 93, 94, 96, 99, 101, 103, 105, 107, 108, 109, 110, 111, 114, 115, 116, 117, 118, 120, 132, 140, 141, 143, 157, 159, 162, 165, 168, 169, 172, 173, 175, 176, 178, 179, 180, 182, 189, 190, 191, 192, 195, 196, 199, 202, 204, 206, 207, 208, 210, 220, 221, 223, 225, 228, 229, 232, 233, 235, 236, 238, 251, 253, 255, 256, 257, 260, 261, 262, 263, 266, 269, 271, 272, 273, 275, 282, 283, 284, 285, 287, 288, 289, 290, 292, 294, 295, 296, 298, 305, 306, 307, 310, 311, 314, 317, 319, 321, 322, 323, 326, 333, 336, 346, 349, 351, 353, 355, 358, 359, 362, 365, 366, 368, 369, 374, 377, 378, 380, 381, 383, 384, 387, 388, 389, 392, 393, 394, 396], "excluded_lines": [], "functions": {"APIKeyManager.__init__": {"executed_lines": [], "summary": {"covered_lines": 0, "num_statements": 14, "percent_covered": 0.0, "percent_covered_display": "0", "missing_lines": 14, "excluded_lines": 0}, "missing_lines": [73, 74, 78, 79, 81, 84, 85, 87, 90, 93, 94, 96, 99, 101], "excluded_lines": []}, "APIKeyManager._load_or_generate_salt": {"executed_lines": [], "summary": {"covered_lines": 0, "num_statements": 11, "percent_covered": 0.0, "percent_covered_display": "0", "missing_lines": 11, "excluded_lines": 0}, "missing_lines": [105, 107, 108, 109, 110, 111, 114, 115, 116, 117, 118], "excluded_lines": []}, "APIKeyManager._derive_cipher": {"executed_lines": [], "summary": {"covered_lines": 0, "num_statements": 3, "percent_covered": 0.0, "percent_covered_display": "0", "missing_lines": 3, "excluded_lines": 0}, "missing_lines": [132, 140, 141], "excluded_lines": []}, "APIKeyManager.store_api_keys": {"executed_lines": [], "summary": {"covered_lines": 0, "num_statements": 13, "percent_covered": 0.0, "percent_covered_display": "0", "missing_lines": 13, "excluded_lines": 0}, "missing_lines": [157, 159, 162, 165, 168, 169, 172, 173, 175, 176, 178, 179, 180], "excluded_lines": []}, "APIKeyManager.get_api_keys": {"executed_lines": [], "summary": {"covered_lines": 0, "num_statements": 12, "percent_covered": 0.0, "percent_covered_display": "0", "missing_lines": 12, "excluded_lines": 0}, "missing_lines": [189, 190, 191, 192, 195, 196, 199, 202, 204, 206, 207, 208], "excluded_lines": []}, "APIKeyManager.verify_password": {"executed_lines": [], "summary": {"covered_lines": 0, "num_statements": 10, "percent_covered": 0.0, "percent_covered_display": "0", "missing_lines": 10, "excluded_lines": 0}, "missing_lines": [220, 221, 223, 225, 228, 229, 232, 233, 235, 236], "excluded_lines": []}, "APIKeyManager.rotate_encryption_key": {"executed_lines": [], "summary": {"covered_lines": 0, "num_statements": 14, "percent_covered": 0.0, "percent_covered_display": "0", "missing_lines": 14, "excluded_lines": 0}, "missing_lines": [251, 253, 255, 256, 257, 260, 261, 262, 263, 266, 269, 271, 272, 273], "excluded_lines": []}, "APIKeyManager.delete_stored_keys": {"executed_lines": [], "summary": {"covered_lines": 0, "num_statements": 12, "percent_covered": 0.0, "percent_covered_display": "0", "missing_lines": 12, "excluded_lines": 0}, "missing_lines": [282, 283, 284, 285, 287, 288, 289, 290, 292, 294, 295, 296], "excluded_lines": []}, "APIKeyManager.get_metadata": {"executed_lines": [], "summary": {"covered_lines": 0, "num_statements": 11, "percent_covered": 0.0, "percent_covered_display": "0", "missing_lines": 11, "excluded_lines": 0}, "missing_lines": [305, 306, 307, 310, 311, 314, 317, 319, 321, 322, 323], "excluded_lines": []}, "generate_secure_password": {"executed_lines": [], "summary": {"covered_lines": 0, "num_statements": 1, "percent_covered": 0.0, "percent_covered_display": "0", "missing_lines": 1, "excluded_lines": 0}, "missing_lines": [333], "excluded_lines": []}, "hash_password": {"executed_lines": [], "summary": {"covered_lines": 0, "num_statements": 1, "percent_covered": 0.0, "percent_covered_display": "0", "missing_lines": 1, "excluded_lines": 0}, "missing_lines": [346], "excluded_lines": []}, "": {"executed_lines": [], "summary": {"covered_lines": 0, "num_statements": 53, "percent_covered": 0.0, "percent_covered_display": "0", "missing_lines": 53, "excluded_lines": 0}, "missing_lines": [26, 27, 28, 29, 30, 31, 32, 34, 35, 36, 37, 38, 40, 41, 42, 43, 48, 55, 103, 120, 143, 182, 210, 238, 275, 298, 326, 336, 349, 351, 353, 355, 358, 359, 362, 365, 366, 368, 369, 374, 377, 378, 380, 381, 383, 384, 387, 388, 389, 392, 393, 394, 396], "excluded_lines": []}}, "classes": {"APIKeyManager": {"executed_lines": [], "summary": {"covered_lines": 0, "num_statements": 100, "percent_covered": 0.0, "percent_covered_display": "0", "missing_lines": 100, "excluded_lines": 0}, "missing_lines": [73, 74, 78, 79, 81, 84, 85, 87, 90, 93, 94, 96, 99, 101, 105, 107, 108, 109, 110, 111, 114, 115, 116, 117, 118, 132, 140, 141, 157, 159, 162, 165, 168, 169, 172, 173, 175, 176, 178, 179, 180, 189, 190, 191, 192, 195, 196, 199, 202, 204, 206, 207, 208, 220, 221, 223, 225, 228, 229, 232, 233, 235, 236, 251, 253, 255, 256, 257, 260, 261, 262, 263, 266, 269, 271, 272, 273, 282, 283, 284, 285, 287, 288, 289, 290, 292, 294, 295, 296, 305, 306, 307, 310, 311, 314, 317, 319, 321, 322, 323], "excluded_lines": []}, "": {"executed_lines": [], "summary": {"covered_lines": 0, "num_statements": 55, "percent_covered": 0.0, "percent_covered_display": "0", "missing_lines": 55, "excluded_lines": 0}, "missing_lines": [26, 27, 28, 29, 30, 31, 32, 34, 35, 36, 37, 38, 40, 41, 42, 43, 48, 55, 103, 120, 143, 182, 210, 238, 275, 298, 326, 333, 336, 346, 349, 351, 353, 355, 358, 359, 362, 365, 366, 368, 369, 374, 377, 378, 380, 381, 383, 384, 387, 388, 389, 392, 393, 394, 396], "excluded_lines": []}}}, "src\\security\\api_key_validator.py": {"executed_lines": [], "summary": {"covered_lines": 0, "num_statements": 172, "percent_covered": 0.0, "percent_covered_display": "0", "missing_lines": 172, "excluded_lines": 0}, "missing_lines": [28, 29, 30, 31, 33, 36, 44, 51, 60, 63, 72, 73, 75, 76, 78, 85, 87, 89, 90, 91, 92, 94, 97, 98, 99, 100, 103, 104, 105, 108, 109, 110, 113, 114, 115, 118, 119, 121, 122, 124, 126, 128, 129, 130, 131, 133, 140, 142, 143, 144, 145, 146, 147, 148, 150, 157, 159, 160, 161, 162, 163, 165, 175, 178, 179, 182, 183, 186, 187, 190, 191, 193, 194, 195, 197, 199, 206, 207, 208, 209, 212, 213, 215, 216, 217, 219, 226, 227, 228, 229, 233, 235, 237, 238, 240, 242, 243, 244, 245, 247, 249, 250, 251, 253, 260, 262, 263, 264, 265, 268, 269, 272, 273, 276, 277, 279, 281, 282, 283, 285, 292, 293, 294, 295, 297, 309, 311, 312, 313, 315, 317, 318, 319, 320, 323, 335, 337, 338, 340, 341, 342, 345, 346, 347, 348, 351, 353, 354, 355, 356, 357, 359, 361, 364, 367, 368, 369, 371, 373, 376, 378, 379, 381, 382, 383, 385, 388, 390, 391, 392, 394, 395], "excluded_lines": [], "functions": {"APIKeyValidator.__init__": {"executed_lines": [], "summary": {"covered_lines": 0, "num_statements": 6, "percent_covered": 0.0, "percent_covered_display": "0", "missing_lines": 6, "excluded_lines": 0}, "missing_lines": [60, 63, 72, 73, 75, 76], "excluded_lines": []}, "APIKeyValidator.validate_permissions": {"executed_lines": [], "summary": {"covered_lines": 0, "num_statements": 30, "percent_covered": 0.0, "percent_covered_display": "0", "missing_lines": 30, "excluded_lines": 0}, "missing_lines": [85, 87, 89, 90, 91, 92, 94, 97, 98, 99, 100, 103, 104, 105, 108, 109, 110, 113, 114, 115, 118, 119, 121, 122, 124, 126, 128, 129, 130, 131], "excluded_lines": []}, "APIKeyValidator._check_key_validity": {"executed_lines": [], "summary": {"covered_lines": 0, "num_statements": 8, "percent_covered": 0.0, "percent_covered_display": "0", "missing_lines": 8, "excluded_lines": 0}, "missing_lines": [140, 142, 143, 144, 145, 146, 147, 148], "excluded_lines": []}, "APIKeyValidator._get_api_permissions": {"executed_lines": [], "summary": {"covered_lines": 0, "num_statements": 6, "percent_covered": 0.0, "percent_covered_display": "0", "missing_lines": 6, "excluded_lines": 0}, "missing_lines": [157, 159, 160, 161, 162, 163], "excluded_lines": []}, "APIKeyValidator._validate_required_permissions": {"executed_lines": [], "summary": {"covered_lines": 0, "num_statements": 13, "percent_covered": 0.0, "percent_covered_display": "0", "missing_lines": 13, "excluded_lines": 0}, "missing_lines": [175, 178, 179, 182, 183, 186, 187, 190, 191, 193, 194, 195, 197], "excluded_lines": []}, "APIKeyValidator._check_ip_restriction": {"executed_lines": [], "summary": {"covered_lines": 0, "num_statements": 9, "percent_covered": 0.0, "percent_covered_display": "0", "missing_lines": 9, "excluded_lines": 0}, "missing_lines": [206, 207, 208, 209, 212, 213, 215, 216, 217], "excluded_lines": []}, "APIKeyValidator._check_key_expiry": {"executed_lines": [], "summary": {"covered_lines": 0, "num_statements": 17, "percent_covered": 0.0, "percent_covered_display": "0", "missing_lines": 17, "excluded_lines": 0}, "missing_lines": [226, 227, 228, 229, 233, 235, 237, 238, 240, 242, 243, 244, 245, 247, 249, 250, 251], "excluded_lines": []}, "APIKeyValidator._check_dangerous_permissions": {"executed_lines": [], "summary": {"covered_lines": 0, "num_statements": 15, "percent_covered": 0.0, "percent_covered_display": "0", "missing_lines": 15, "excluded_lines": 0}, "missing_lines": [260, 262, 263, 264, 265, 268, 269, 272, 273, 276, 277, 279, 281, 282, 283], "excluded_lines": []}, "APIKeyValidator.get_permission_summary": {"executed_lines": [], "summary": {"covered_lines": 0, "num_statements": 9, "percent_covered": 0.0, "percent_covered_display": "0", "missing_lines": 9, "excluded_lines": 0}, "missing_lines": [292, 293, 294, 295, 297, 309, 311, 312, 313], "excluded_lines": []}, "APIKeyValidator.close": {"executed_lines": [], "summary": {"covered_lines": 0, "num_statements": 4, "percent_covered": 0.0, "percent_covered_display": "0", "missing_lines": 4, "excluded_lines": 0}, "missing_lines": [317, 318, 319, 320], "excluded_lines": []}, "validate_api_key": {"executed_lines": [], "summary": {"covered_lines": 0, "num_statements": 19, "percent_covered": 0.0, "percent_covered_display": "0", "missing_lines": 19, "excluded_lines": 0}, "missing_lines": [335, 337, 338, 340, 341, 342, 345, 346, 347, 348, 351, 353, 354, 355, 356, 357, 359, 361, 364], "excluded_lines": []}, "": {"executed_lines": [], "summary": {"covered_lines": 0, "num_statements": 36, "percent_covered": 0.0, "percent_covered_display": "0", "missing_lines": 36, "excluded_lines": 0}, "missing_lines": [28, 29, 30, 31, 33, 36, 44, 51, 78, 133, 150, 165, 199, 219, 253, 285, 315, 323, 367, 368, 369, 371, 373, 376, 378, 379, 381, 382, 383, 385, 388, 390, 391, 392, 394, 395], "excluded_lines": []}}, "classes": {"APIKeyValidator": {"executed_lines": [], "summary": {"covered_lines": 0, "num_statements": 117, "percent_covered": 0.0, "percent_covered_display": "0", "missing_lines": 117, "excluded_lines": 0}, "missing_lines": [60, 63, 72, 73, 75, 76, 85, 87, 89, 90, 91, 92, 94, 97, 98, 99, 100, 103, 104, 105, 108, 109, 110, 113, 114, 115, 118, 119, 121, 122, 124, 126, 128, 129, 130, 131, 140, 142, 143, 144, 145, 146, 147, 148, 157, 159, 160, 161, 162, 163, 175, 178, 179, 182, 183, 186, 187, 190, 191, 193, 194, 195, 197, 206, 207, 208, 209, 212, 213, 215, 216, 217, 226, 227, 228, 229, 233, 235, 237, 238, 240, 242, 243, 244, 245, 247, 249, 250, 251, 260, 262, 263, 264, 265, 268, 269, 272, 273, 276, 277, 279, 281, 282, 283, 292, 293, 294, 295, 297, 309, 311, 312, 313, 317, 318, 319, 320], "excluded_lines": []}, "": {"executed_lines": [], "summary": {"covered_lines": 0, "num_statements": 55, "percent_covered": 0.0, "percent_covered_display": "0", "missing_lines": 55, "excluded_lines": 0}, "missing_lines": [28, 29, 30, 31, 33, 36, 44, 51, 78, 133, 150, 165, 199, 219, 253, 285, 315, 323, 335, 337, 338, 340, 341, 342, 345, 346, 347, 348, 351, 353, 354, 355, 356, 357, 359, 361, 364, 367, 368, 369, 371, 373, 376, 378, 379, 381, 382, 383, 385, 388, 390, 391, 392, 394, 395], "excluded_lines": []}}}, "src\\services\\__init__.py": {"executed_lines": [0], "summary": {"covered_lines": 0, "num_statements": 0, "percent_covered": 100.0, "percent_covered_display": "100", "missing_lines": 0, "excluded_lines": 0}, "missing_lines": [], "excluded_lines": [], "functions": {"": {"executed_lines": [], "summary": {"covered_lines": 0, "num_statements": 0, "percent_covered": 100.0, "percent_covered_display": "100", "missing_lines": 0, "excluded_lines": 0}, "missing_lines": [], "excluded_lines": []}}, "classes": {"": {"executed_lines": [], "summary": {"covered_lines": 0, "num_statements": 0, "percent_covered": 100.0, "percent_covered_display": "100", "missing_lines": 0, "excluded_lines": 0}, "missing_lines": [], "excluded_lines": []}}}, "src\\services\\alerting.py": {"executed_lines": [], "summary": {"covered_lines": 0, "num_statements": 121, "percent_covered": 0.0, "percent_covered_display": "0", "missing_lines": 121, "excluded_lines": 0}, "missing_lines": [7, 8, 9, 10, 11, 12, 14, 17, 19, 20, 21, 22, 25, 28, 29, 31, 34, 37, 38, 39, 41, 42, 43, 45, 46, 47, 53, 54, 55, 57, 58, 59, 62, 65, 66, 67, 68, 70, 71, 72, 74, 76, 82, 84, 85, 86, 89, 90, 91, 92, 94, 95, 100, 101, 102, 104, 105, 106, 109, 112, 113, 115, 116, 117, 119, 120, 127, 128, 129, 130, 132, 133, 134, 137, 140, 141, 142, 144, 146, 147, 149, 151, 152, 153, 155, 157, 159, 161, 163, 181, 182, 185, 186, 187, 188, 189, 190, 191, 192, 193, 196, 197, 198, 199, 200, 202, 203, 207, 210, 213, 214, 215, 218, 233, 235, 236, 238, 239, 241, 242, 244], "excluded_lines": [], "functions": {"AlertChannel.send": {"executed_lines": [], "summary": {"covered_lines": 0, "num_statements": 1, "percent_covered": 0.0, "percent_covered_display": "0", "missing_lines": 1, "excluded_lines": 0}, "missing_lines": [31], "excluded_lines": []}, "PushPlusChannel.__init__": {"executed_lines": [], "summary": {"covered_lines": 0, "num_statements": 2, "percent_covered": 0.0, "percent_covered_display": "0", "missing_lines": 2, "excluded_lines": 0}, "missing_lines": [38, 39], "excluded_lines": []}, "PushPlusChannel.send": {"executed_lines": [], "summary": {"covered_lines": 0, "num_statements": 11, "percent_covered": 0.0, "percent_covered_display": "0", "missing_lines": 11, "excluded_lines": 0}, "missing_lines": [42, 43, 45, 46, 47, 53, 54, 55, 57, 58, 59], "excluded_lines": []}, "TelegramChannel.__init__": {"executed_lines": [], "summary": {"covered_lines": 0, "num_statements": 3, "percent_covered": 0.0, "percent_covered_display": "0", "missing_lines": 3, "excluded_lines": 0}, "missing_lines": [66, 67, 68], "excluded_lines": []}, "TelegramChannel.send": {"executed_lines": [], "summary": {"covered_lines": 0, "num_statements": 20, "percent_covered": 0.0, "percent_covered_display": "0", "missing_lines": 20, "excluded_lines": 0}, "missing_lines": [71, 72, 74, 76, 82, 84, 85, 86, 89, 90, 91, 92, 94, 95, 100, 101, 102, 104, 105, 106], "excluded_lines": []}, "WebhookChannel.__init__": {"executed_lines": [], "summary": {"covered_lines": 0, "num_statements": 1, "percent_covered": 0.0, "percent_covered_display": "0", "missing_lines": 1, "excluded_lines": 0}, "missing_lines": [113], "excluded_lines": []}, "WebhookChannel.send": {"executed_lines": [], "summary": {"covered_lines": 0, "num_statements": 11, "percent_covered": 0.0, "percent_covered_display": "0", "missing_lines": 11, "excluded_lines": 0}, "missing_lines": [116, 117, 119, 120, 127, 128, 129, 130, 132, 133, 134], "excluded_lines": []}, "AlertManager.__init__": {"executed_lines": [], "summary": {"covered_lines": 0, "num_statements": 2, "percent_covered": 0.0, "p
[...]
 537, 538, 542, 545, 546, 549, 550, 551, 553, 554, 555, 558, 559, 560, 561, 562, 563, 565, 568, 569, 570, 573, 574, 575, 576, 587, 590, 591, 594, 595, 598, 599, 602, 629, 630, 631, 632], "excluded_lines": []}, "handle_symbols": {"executed_lines": [], "summary": {"covered_lines": 0, "num_statements": 7, "percent_covered": 0.0, "percent_covered_display": "0", "missing_lines": 7, "excluded_lines": 0}, "missing_lines": [637, 638, 639, 640, 641, 642, 643], "excluded_lines": []}, "start_web_server": {"executed_lines": [], "summary": {"covered_lines": 0, "num_statements": 24, "percent_covered": 0.0, "percent_covered_display": "0", "missing_lines": 24, "excluded_lines": 0}, "missing_lines": [646, 648, 649, 665, 666, 667, 670, 672, 674, 675, 676, 677, 678, 679, 680, 681, 682, 683, 684, 685, 688, 689, 690, 691], "excluded_lines": []}, "start_web_server.error_middleware": {"executed_lines": [], "summary": {"covered_lines": 0, "num_statements": 6, "percent_covered": 0.0, "percent_covered_display": "0", "missing_lines": 6, "excluded_lines": 0}, "missing_lines": [650, 651, 652, 653, 658, 659], "excluded_lines": []}, "handle_log_content": {"executed_lines": [], "summary": {"covered_lines": 0, "num_statements": 7, "percent_covered": 0.0, "percent_covered_display": "0", "missing_lines": 7, "excluded_lines": 0}, "missing_lines": [696, 697, 698, 699, 701, 702, 703], "excluded_lines": []}, "handle_health": {"executed_lines": [], "summary": {"covered_lines": 0, "num_statements": 14, "percent_covered": 0.0, "percent_covered_display": "0", "missing_lines": 14, "excluded_lines": 0}, "missing_lines": [711, 713, 714, 715, 718, 721, 722, 724, 732, 733, 735, 745, 746, 747], "excluded_lines": []}, "handle_version": {"executed_lines": [], "summary": {"covered_lines": 0, "num_statements": 13, "percent_covered": 0.0, "percent_covered_display": "0", "missing_lines": 13, "excluded_lines": 0}, "missing_lines": [758, 760, 761, 762, 763, 769, 770, 771, 772, 774, 782, 783, 784], "excluded_lines": []}, "": {"executed_lines": [1, 2, 3, 4, 5, 6, 7, 8, 9, 10, 11, 12, 14, 52, 53, 59, 80, 83, 96, 110, 111, 494, 495, 634, 635, 645, 693, 694, 705, 752], "summary": {"covered_lines": 30, "num_statements": 30, "percent_covered": 100.0, "percent_covered_display": "100", "missing_lines": 0, "excluded_lines": 0}, "missing_lines": [], "excluded_lines": []}}, "classes": {"IPLogger": {"executed_lines": [], "summary": {"covered_lines": 0, "num_statements": 14, "percent_covered": 0.0, "percent_covered_display": "0", "missing_lines": 14, "excluded_lines": 0}, "missing_lines": [54, 55, 56, 57, 61, 62, 64, 65, 66, 69, 74, 77, 78, 81], "excluded_lines": []}, "": {"executed_lines": [1, 2, 3, 4, 5, 6, 7, 8, 9, 10, 11, 12, 14, 16, 17, 19, 20, 22, 24, 25, 31, 32, 33, 34, 36, 37, 39, 40, 41, 42, 44, 50, 52, 53, 59, 80, 83, 96, 110, 111, 494, 495, 634, 635, 645, 693, 694, 705, 752], "summary": {"covered_lines": 49, "num_statements": 208, "percent_covered": 23.557692307692307, "percent_covered_display": "24", "missing_lines": 159, "excluded_lines": 0}, "missing_lines": [85, 86, 87, 88, 89, 98, 99, 100, 102, 103, 106, 107, 108, 112, 114, 115, 118, 121, 122, 125, 126, 127, 129, 490, 491, 492, 497, 498, 501, 502, 503, 505, 506, 509, 510, 513, 516, 517, 518, 522, 523, 524, 525, 527, 528, 529, 530, 533, 534, 535, 536, 537, 538, 542, 545, 546, 549, 550, 551, 553, 554, 555, 558, 559, 560, 561, 562, 563, 565, 568, 569, 570, 573, 574, 575, 576, 587, 590, 591, 594, 595, 598, 599, 602, 629, 630, 631, 632, 637, 638, 639, 640, 641, 642, 643, 646, 648, 649, 650, 651, 652, 653, 658, 659, 665, 666, 667, 670, 672, 674, 675, 676, 677, 678, 679, 680, 681, 682, 683, 684, 685, 688, 689, 690, 691, 696, 697, 698, 699, 701, 702, 703, 711, 713, 714, 715, 718, 721, 722, 724, 732, 733, 735, 745, 746, 747, 758, 760, 761, 762, 763, 769, 770, 771, 772, 774, 782, 783, 784], "excluded_lines": []}}}, "src\\strategies\\__init__.py": {"executed_lines": [0], "summary": {"covered_lines": 0, "num_statements": 0, "percent_covered": 100.0, "percent_covered_display": "100", "missing_lines": 0, "excluded_lines": 0}, "missing_lines": [], "excluded_lines": [], "functions": {"": {"executed_lines": [], "summary": {"covered_lines": 0, "num_statements": 0, "percent_covered": 100.0, "percent_covered_display": "100", "missing_lines": 0, "excluded_lines": 0}, "missing_lines": [], "excluded_lines": []}}, "classes": {"": {"executed_lines": [], "summary": {"covered_lines": 0, "num_statements": 0, "percent_covered": 100.0, "percent_covered_display": "100", "missing_lines": 0, "excluded_lines": 0}, "missing_lines": [], "excluded_lines": []}}}, "src\\strategies\\position_controller_s1.py": {"executed_lines": [2, 3, 4, 5, 6, 8, 9, 14, 22, 23, 24, 28, 29, 30, 33, 34, 35, 37, 39, 41, 43, 45, 46, 52, 53, 54, 58, 60, 65, 66, 67, 68, 69, 71, 72, 73, 75, 77, 78, 79, 80, 83, 89, 92, 93, 101, 102, 103, 106, 107, 112, 113, 114, 115, 116, 117, 119, 122, 127, 129, 130, 132, 133, 136, 137, 138, 140, 141, 150, 152, 153, 154, 156, 160, 166, 169, 170, 179, 180, 183, 184, 185, 186, 190, 192, 193, 194, 196, 200, 201, 203, 204, 205, 208, 210, 212, 214, 215, 216, 217, 218, 219, 221, 222, 225, 226, 228, 235, 244, 245, 246, 249, 250, 251, 252, 253, 256, 257, 260, 261, 262, 263, 265, 269, 270, 271, 274, 275, 278, 279, 280, 281, 283, 284, 285, 286, 287, 295, 296, 297, 298, 300, 301, 302, 307, 308, 309, 310, 311, 312, 313, 314, 315, 317], "summary": {"covered_lines": 153, "num_statements": 183, "percent_covered": 83.60655737704919, "percent_covered_display": "84", "missing_lines": 30, "excluded_lines": 0}, "missing_lines": [61, 62, 96, 97, 98, 99, 108, 109, 120, 121, 123, 124, 142, 143, 144, 145, 146, 148, 149, 187, 188, 230, 231, 232, 266, 267, 289, 290, 292, 304], "excluded_lines": [], "functions": {"PositionControllerS1.__init__": {"executed_lines": [22, 23, 24, 28, 29, 30, 33, 34, 35, 37, 39], "summary": {"covered_lines": 11, "num_statements": 11, "percent_covered": 100.0, "percent_covered_display": "100", "missing_lines": 0, "excluded_lines": 0}, "missing_lines": [], "excluded_lines": []}, "PositionControllerS1._fetch_and_calculate_s1_levels": {"executed_lines": [43, 45, 46, 52, 53, 54, 58, 60, 65, 66, 67, 68, 69, 71, 72, 73], "summary": {"covered_lines": 16, "num_statements": 18, "percent_covered": 88.88888888888889, "percent_covered_display": "89", "missing_lines": 2, "excluded_lines": 0}, "missing_lines": [61, 62], "excluded_lines": []}, "PositionControllerS1.update_daily_s1_levels": {"executed_lines": [77, 78, 79, 80], "summary": {"covered_lines": 4, "num_statements": 4, "percent_covered": 100.0, "percent_covered_display": "100", "missing_lines": 0, "excluded_lines": 0}, "missing_lines": [], "excluded_lines": []}, "PositionControllerS1._execute_s1_adjustment": {"executed_lines": [89, 92, 93, 101, 102, 103, 106, 107, 112, 113, 114, 115, 116, 117, 119, 122, 127, 129, 130, 132, 133, 136, 137, 138, 140, 141, 150, 152, 153, 154, 156, 160, 166, 169, 170, 179, 180, 183, 184, 185, 186, 190, 192, 193, 194], "summary": {"covered_lines": 45, "num_statements": 64, "percent_covered": 70.3125, "percent_covered_display": "70", "missing_lines": 19, "excluded_lines": 0}, "missing_lines": [96, 97, 98, 99, 108, 109, 120, 121, 123, 124, 142, 143, 144, 145, 146, 148, 149, 187, 188], "excluded_lines": []}, "PositionControllerS1.check_s1_balance_and_transfer": {"executed_lines": [200, 201, 203, 204, 205, 208, 210, 212, 214, 215, 216, 217, 218, 219, 221, 222, 225, 226, 228], "summary": {"covered_lines": 19, "num_statements": 22, "percent_covered": 86.36363636363636, "percent_covered_display": "86", "missing_lines": 3, "excluded_lines": 0}, "missing_lines": [230, 231, 232], "excluded_lines": []}, "PositionControllerS1.check_and_execute": {"executed_lines": [244, 245, 246, 249, 250, 251, 252, 253, 256, 257, 260, 261, 262, 263, 265, 269, 270, 271, 274, 275, 278, 279, 280, 281, 283, 284, 285, 286, 287, 295, 296, 297, 298, 300, 301, 302, 307, 308, 309, 310, 311, 312, 313, 314, 315, 317], "summary": {"covered_lines": 46, "num_statements": 52, "percent_covered": 88.46153846153847, "percent_covered_display": "88", "missing_lines": 6, "excluded_lines": 0}, "missing_lines": [266, 267, 289, 290, 292, 304], "excluded_lines": []}, "": {"executed_lines": [2, 3, 4, 5, 6, 8, 9, 14, 41, 75, 83, 196, 235], "summary": {"covered_lines": 12, "num_statements": 12, "percent_covered": 100.0, "percent_covered_display": "100", "missing_lines": 0, "excluded_lines": 0}, "missing_lines": [], "excluded_lines": []}}, "classes": {"PositionControllerS1": {"executed_lines": [22, 23, 24, 28, 29, 30, 33, 34, 35, 37, 39, 43, 45, 46, 52, 53, 54, 58, 60, 65, 66, 67, 68, 69, 71, 72, 73, 77, 78, 79, 80, 89, 92, 93, 101, 102, 103, 106, 107, 112, 113, 114, 115, 116, 117, 119, 122, 127, 129, 130, 132, 133, 136, 137, 138, 140, 141, 150, 152, 153, 154, 156, 160, 166, 169, 170, 179, 180, 183, 184, 185, 186, 190, 192, 193, 194, 200, 201, 203, 204, 205, 208, 210, 212, 214, 215, 216, 217, 218, 219, 221, 222, 225, 226, 228, 244, 245, 246, 249, 250, 251, 252, 253, 256, 257, 260, 261, 262, 263, 265, 269, 270, 271, 274, 275, 278, 279, 280, 281, 283, 284, 285, 286, 287, 295, 296, 297, 298, 300, 301, 302, 307, 308, 309, 310, 311, 312, 313, 314, 315, 317], "summary": {"covered_lines": 141, "num_statements": 171, "percent_covered": 82.45614035087719, "percent_covered_display": "82", "missing_lines": 30, "excluded_lines": 0}, "missing_lines": [61, 62, 96, 97, 98, 99, 108, 109, 120, 121, 123, 124, 142, 143, 144, 145, 146, 148, 149, 187, 188, 230, 231, 232, 266, 267, 289, 290, 292, 304], "excluded_lines": []}, "": {"executed_lines": [2, 3, 4, 5, 6, 8, 9, 14, 41, 75, 83, 196, 235], "summary": {"covered_lines": 12, "num_statements": 12, "percent_covered": 100.0, "percent_covered_display": "100", "missing_lines": 0, "excluded_lines": 0}, "missing_lines": [], "excluded_lines": []}}}, "src\\strategies\\risk_manager.py": {"executed_lines": [1, 2, 3, 6, 7, 8, 9, 10, 13, 14, 15, 16, 18, 19, 21, 23, 24, 27, 28, 31, 32, 38, 41, 43, 44, 45, 48, 49, 52, 54, 55, 56, 59, 60, 65, 66, 69, 70, 71, 73, 74, 76, 77, 78, 81, 84, 85, 87, 88, 90, 103, 132], "summary": {"covered_lines": 51, "num_statements": 77, "percent_covered": 66.23376623376623, "percent_covered_display": "66", "missing_lines": 26, "excluded_lines": 0}, "missing_lines": [93, 94, 95, 96, 100, 101, 105, 106, 110, 115, 116, 117, 119, 120, 127, 128, 129, 130, 134, 135, 136, 138, 139, 140, 141, 142], "excluded_lines": [], "functions": {"AdvancedRiskManager.__init__": {"executed_lines": [15, 16, 18, 19], "summary": {"covered_lines": 4, "num_statements": 4, "percent_covered": 100.0, "percent_covered_display": "100", "missing_lines": 0, "excluded_lines": 0}, "missing_lines": [], "excluded_lines": []}, "AdvancedRiskManager.check_position_limits": {"executed_lines": [23, 24, 27, 28, 31, 32, 38, 41, 43, 44, 45, 48, 49, 52, 54, 55, 56, 59, 60, 65, 66, 69, 70, 71, 73, 74, 76, 77, 78], "summary": {"covered_lines": 29, "num_statements": 29, "percent_covered": 100.0, "percent_covered_display": "100", "missing_lines": 0, "excluded_lines": 0}, "missing_lines": [], "excluded_lines": []}, "AdvancedRiskManager.multi_layer_check": {"executed_lines": [84, 85, 87, 88], "summary": {"covered_lines": 4, "num_statements": 4, "percent_covered": 100.0, "percent_covered_display": "100", "missing_lines": 0, "excluded_lines": 0}, "missing_lines": [], "excluded_lines": []}, "AdvancedRiskManager._get_position_value": {"executed_lines": [], "summary": {"covered_lines": 0, "num_statements": 6, "percent_covered": 0.0, "percent_covered_display": "0", "missing_lines": 6, "excluded_lines": 0}, "missing_lines": [93, 94, 95, 96, 100, 101], "excluded_lines": []}, "AdvancedRiskManager._get_position_ratio": {"executed_lines": [], "summary": {"covered_lines": 0, "num_statements": 12, "percent_covered": 0.0, "percent_covered_display": "0", "missing_lines": 12, "excluded_lines": 0}, "missing_lines": [105, 106, 110, 115, 116, 117, 119, 120, 127, 128, 129, 130], "excluded_lines": []}, "AdvancedRiskManager.check_market_sentiment": {"executed_lines": [], "summary": {"covered_lines": 0, "num_statements": 8, "percent_covered": 0.0, "percent_covered_display": "0", "missing_lines": 8, "excluded_lines": 0}, "missing_lines": [134, 135, 136, 138, 139, 140, 141, 142], "excluded_lines": []}, "": {"executed_lines": [1, 2, 3, 6, 7, 8, 9, 10, 13, 14, 21, 81, 90, 103, 132], "summary": {"covered_lines": 14, "num_statements": 14, "percent_covered": 100.0, "percent_covered_display": "100", "missing_lines": 0, "excluded_lines": 0}, "missing_lines": [], "excluded_lines": []}}, "classes": {"RiskState": {"executed_lines": [], "summary": {"covered_lines": 0, "num_statements": 0, "percent_covered": 100.0, "percent_covered_display": "100", "missing_lines": 0, "excluded_lines": 0}, "missing_lines": [], "excluded_lines": []}, "AdvancedRiskManager": {"executed_lines": [15, 16, 18, 19, 23, 24, 27, 28, 31, 32, 38, 41, 43, 44, 45, 48, 49, 52, 54, 55, 56, 59, 60, 65, 66, 69, 70, 71, 73, 74, 76, 77, 78, 84, 85, 87, 88], "summary": {"covered_lines": 37, "num_statements": 63, "percent_covered": 58.73015873015873, "percent_covered_display": "59", "missing_lines": 26, "excluded_lines": 0}, "missing_lines": [93, 94, 95, 96, 100, 101, 105, 106, 110, 115, 116, 117, 119, 120, 127, 128, 129, 130, 134, 135, 136, 138, 139, 140, 141, 142], "excluded_lines": []}, "": {"executed_lines": [1, 2, 3, 6, 7, 8, 9, 10, 13, 14, 21, 81, 90, 103, 132], "summary": {"covered_lines": 14, "num_statements": 14, "percent_covered": 100.0, "percent_covered_display": "100", "missing_lines": 0, "excluded_lines": 0}, "missing_lines": [], "excluded_lines": []}}}, "src\\utils\\__init__.py": {"executed_lines": [0], "summary": {"covered_lines": 0, "num_statements": 0, "percent_covered": 100.0, "percent_covered_display": "100", "missing_lines": 0, "excluded_lines": 0}, "missing_lines": [], "excluded_lines": [], "functions": {"": {"executed_lines": [], "summary": {"covered_lines": 0, "num_statements": 0, "percent_covered": 100.0, "percent_covered_display": "100", "missing_lines": 0, "excluded_lines": 0}, "missing_lines": [], "excluded_lines": []}}, "classes": {"": {"executed_lines": [], "summary": {"covered_lines": 0, "num_statements": 0, "percent_covered": 100.0, "percent_covered_display": "100", "missing_lines": 0, "excluded_lines": 0}, "missing_lines": [], "excluded_lines": []}}}, "src\\utils\\helpers.py": {"executed_lines": [1, 2, 3, 4, 5, 6, 8, 9, 10, 12, 13, 15, 18, 70, 104, 105, 126, 162, 163, 165, 166, 167, 168, 170, 171, 191, 192], "summary": {"covered_lines": 26, "num_statements": 82, "percent_covered": 31.70731707317073, "percent_covered_display": "32", "missing_lines": 56, "excluded_lines": 0}, "missing_lines": [46, 47, 50, 60, 61, 62, 65, 67, 80, 81, 82, 84, 85, 91, 92, 93, 94, 96, 97, 99, 100, 101, 119, 120, 121, 122, 123, 137, 140, 141, 142, 143, 144, 146, 147, 148, 150, 151, 152, 157, 159, 177, 180, 185, 197, 198, 199, 200, 201, 202, 203, 204, 205, 206, 207, 208], "excluded_lines": [], "functions": {"format_trade_message": {"executed_lines": [], "summary": {"covered_lines": 0, "num_statements": 8, "percent_covered": 0.0, "percent_covered_display": "0", "missing_lines": 8, "excluded_lines": 0}, "missing_lines": [46, 47, 50, 60, 61, 62, 65, 67], "excluded_lines": []}, "send_pushplus_message": {"executed_lines": [], "summary": {"covered_lines": 0, "num_statements": 14, "percent_covered": 0.0, "percent_covered_display": "0", "missing_lines": 14, "excluded_lines": 0}, "missing_lines": [80, 81, 82, 84, 85, 91, 92, 93, 94, 96, 97, 99, 100, 101], "excluded_lines": []}, "safe_fetch": {"executed_lines": [], "summary": {"covered_lines": 0, "num_statements": 5, "percent_covered": 0.0, "percent_covered_display": "0", "missing_lines": 5, "excluded_lines": 0}, "missing_lines": [119, 120, 121, 122, 123], "excluded_lines": []}, "debug_watcher": {"executed_lines": [], "summary": {"covered_lines": 0, "num_statements": 3, "percent_covered": 0.0, "percent_covered_display": "0", "missing_lines": 3, "excluded_lines": 0}, "missing_lines": [137, 140, 159], "excluded_lines": []}, "debug_watcher.decorator": {"executed_lines": [], "summary": {"covered_lines": 0, "num_statements": 2, "percent_covered": 0.0, "percent_covered_display": "0", "missing_lines": 2, "excluded_lines": 0}, "missing_lines": [141, 157], "excluded_lines": []}, "debug_watcher.decorator.wrapper": {"executed_lines": [], "summary": {"covered_lines": 0, "num_statements": 9, "percent_covered": 0.0, "percent_covered_display": "0", "missing_lines": 9, "excluded_lines": 0}, "missing_lines": [142, 143, 144, 146, 147, 148, 150, 151, 152], "excluded_lines": []}, "LogConfig.setup_logger": {"executed_lines": [], "summary": {"covered_lines": 0, "num_statements": 3, "percent_covered": 0.0, "percent_covered_display": "0", "missing_lines": 3, "excluded_lines": 0}, "missing_lines": [177, 180, 185], "excluded_lines": []}, "LogConfig.clean_old_logs": {"executed_lines": [], "summary": {"covered_lines": 0, "num_statements": 12, "percent_covered": 0.0, "percent_covered_display": "0", "missing_lines": 12, "excluded_lines": 0}, "missing_lines": [197, 198, 199, 200, 201, 202, 203, 204, 205, 206, 207, 208], "excluded_lines": []}, "": {"executed_lines": [1, 2, 3, 4, 5, 6, 8, 9, 10, 12, 13, 15, 18, 70, 104, 105, 126, 162, 163, 165, 166, 167, 168, 170, 171, 191, 192], "summary": {"covered_lines": 26, "num_statements": 26, "percent_covered": 100.0, "percent_covered_display": "100", "missing_lines": 0, "excluded_lines": 0}, "missing_lines": [], "excluded_lines": []}}, "classes": {"LogConfig": {"executed_lines": [], "summary": {"covered_lines": 0, "num_statements": 15, "percent_covered": 0.0, "percent_covered_display": "0", "missing_lines": 15, "excluded_lines": 0}, "missing_lines": [177, 180, 185, 197, 198, 199, 200, 201, 202, 203, 204, 205, 206, 207, 208], "excluded_lines": []}, "": {"executed_lines": [1, 2, 3, 4, 5, 6, 8, 9, 10, 12, 13, 15, 18, 70, 104, 105, 126, 162, 163, 165, 166, 167, 168, 170, 171, 191, 192], "summary": {"covered_lines": 26, "num_statements": 67, "percent_covered": 38.80597014925373, "percent_covered_display": "39", "missing_lines": 41, "excluded_lines": 0}, "missing_lines": [46, 47, 50, 60, 61, 62, 65, 67, 80, 81, 82, 84, 85, 91, 92, 93, 94, 96, 97, 99, 100, 101, 119, 120, 121, 122, 123, 137, 140, 141, 142, 143, 144, 146, 147, 148, 150, 151, 152, 157, 159], "excluded_lines": []}}}, "src\\utils\\logging_config.py": {"executed_lines": [1, 7, 8, 9, 10, 13, 72], "summary": {"covered_lines": 6, "num_statements": 18, "percent_covered": 33.333333333333336, "percent_covered_display": "33", "missing_lines": 12, "excluded_lines": 0}, "missing_lines": [23, 30, 49, 58, 59, 60, 62, 63, 64, 67, 69, 82], "excluded_lines": [], "functions": {"setup_structlog": {"executed_lines": [], "summary": {"covered_lines": 0, "num_statements": 11, "percent_covered": 0.0, "percent_covered_display": "0", "missing_lines": 11, "excluded_lines": 0}, "missing_lines": [23, 30, 49, 58, 59, 60, 62, 63, 64, 67, 69], "excluded_lines": []}, "get_logger": {"executed_lines": [], "summary": {"covered_lines": 0, "num_statements": 1, "percent_covered": 0.0, "percent_covered_display": "0", "missing_lines": 1, "excluded_lines": 0}, "missing_lines": [82], "excluded_lines": []}, "": {"executed_lines": [1, 7, 8, 9, 10, 13, 72], "summary": {"covered_lines": 6, "num_statements": 6, "percent_covered": 100.0, "percent_covered_display": "100", "missing_lines": 0, "excluded_lines": 0}, "missing_lines": [], "excluded_lines": []}}, "classes": {"": {"executed_lines": [1, 7, 8, 9, 10, 13, 72], "summary": {"covered_lines": 6, "num_statements": 18, "percent_covered": 33.333333333333336, "percent_covered_display": "33", "missing_lines": 12, "excluded_lines": 0}, "missing_lines": [23, 30, 49, 58, 59, 60, 62, 63, 64, 67, 69, 82], "excluded_lines": []}}}}, "totals": {"covered_lines": 878, "num_statements": 3046, "percent_covered": 28.824688115561393, "percent_covered_display": "29", "missing_lines": 2168, "excluded_lines": 0}}